#
# A fatal error has been detected by the Java Runtime Environment:
#
#  EXCEPTION_ACCESS_VIOLATION (0xc0000005) at pc=0x00007ff9b2061ce3, pid=14004, tid=10832
#
# JRE version: OpenJDK Runtime Environment (11.0.12+7) (build 11.0.12+7-b1504.28-7817840)
# Java VM: OpenJDK 64-Bit Server VM (11.0.12+7-b1504.28-7817840, mixed mode, tiered, compressed oops, g1 gc, windows-amd64)
# Problematic frame:
# V  [jvm.dll+0x351ce3]
#
# No core dump will be written. Minidumps are not enabled by default on client versions of Windows
#
# If you would like to submit a bug report, please visit:
#   https://bugreport.java.com/bugreport/crash.jsp
#

---------------  S U M M A R Y ------------

Command Line: --add-opens=java.base/java.util=ALL-UNNAMED --add-opens=java.base/java.lang=ALL-UNNAMED --add-opens=java.base/java.lang.invoke=ALL-UNNAMED --add-opens=java.base/java.util=ALL-UNNAMED --add-opens=java.prefs/java.util.prefs=ALL-UNNAMED --add-opens=java.prefs/java.util.prefs=ALL-UNNAMED --add-opens=java.base/java.nio.charset=ALL-UNNAMED --add-opens=java.base/java.net=ALL-UNNAMED --add-opens=java.base/java.util.concurrent.atomic=ALL-UNNAMED -Xmx2048m -Dfile.encoding=UTF-8 -Duser.country=US -Duser.language=en -Duser.variant org.gradle.launcher.daemon.bootstrap.GradleDaemon 7.3.3

Host: Intel(R) Core(TM) i5-2430M CPU @ 2.40GHz, 4 cores, 7G,  Windows 10 , 64 bit Build 19041 (10.0.19041.1741)
Time: Sun Jul  3 10:39:17 2022 Iran Daylight Time elapsed time: 25.803410 seconds (0d 0h 0m 25s)

---------------  T H R E A D  ---------------

Current thread (0x0000018704bdc800):  ConcurrentGCThread "G1 Refine#1" [stack: 0x0000006c98f00000,0x0000006c99000000] [id=10832]

Stack: [0x0000006c98f00000,0x0000006c99000000],  sp=0x0000006c98fff4e0,  free space=1021k
Native frames: (J=compiled Java code, j=interpreted, Vv=VM code, C=native code)
V  [jvm.dll+0x351ce3]
V  [jvm.dll+0x351d3a]
V  [jvm.dll+0x352330]
V  [jvm.dll+0x313908]
V  [jvm.dll+0x314f17]
V  [jvm.dll+0x2b4d97]
V  [jvm.dll+0x2b5192]
V  [jvm.dll+0x2f0ff6]
V  [jvm.dll+0x21c4b4]
V  [jvm.dll+0x6f26a5]
V  [jvm.dll+0x5fabf6]
C  [ucrtbase.dll+0x21bb2]
C  [KERNEL32.DLL+0x17034]
C  [ntdll.dll+0x52651]


siginfo: EXCEPTION_ACCESS_VIOLATION (0xc0000005), reading address 0x0000000000000008


Register to memory mapping:

RIP=0x00007ff9b2061ce3 jvm.dll
RAX=0x0 is NULL
RBX=0x0000000086b66c78 is an oop: [Lcom.android.tools.r8.code.w1; 
{0x0000000086b66c78} - klass: 'com/android/tools/r8/code/w1'[]
 - length: -2147483634
RCX=0x0000000086d00000 is an oop: com.android.tools.r8.graph.q0 
{0x0000000086d00000} - klass: 'com/android/tools/r8/graph/q0'
RDX=0x0000006c98fff500 points into unknown readable memory: 0x0000000086d00000 | 00 00 d0 86 00 00 00 00
RSP=0x0000006c98fff4e0 points into unknown readable memory: 0x000001877ebb2428 | 28 24 bb 7e 87 01 00 00
RBP=0x0000006c98fff620 points into unknown readable memory: 0x00007ff9b2544ed0 | d0 4e 54 b2 f9 7f 00 00
RSI=0x0000000086b66c78 is an oop: [Lcom.android.tools.r8.code.w1; 
{0x0000000086b66c78} - klass: 'com/android/tools/r8/code/w1'[]
 - length: -2147483634
RDI=0x000001877ebc3370 points into unknown readable memory: 0x00007ff9b254be90 | 90 be 54 b2 f9 7f 00 00
R8 =0x0000000000020000 is an unknown value
R9 =0x0000000086b66c78 is an oop: [Lcom.android.tools.r8.code.w1; 
{0x0000000086b66c78} - klass: 'com/android/tools/r8/code/w1'[]
 - length: -2147483634
R10=0x0000000000035b37 is an unknown value
R11=0x000001877ebc33c8 points into unknown readable memory: 0x0000000086e00000 | 00 00 e0 86 00 00 00 00
R12=0x0000006c98fff610 points into unknown readable memory: 0x0000000086da3600 | 00 36 da 86 00 00 00 00
R13=0x0 is NULL
R14=0x000001877ebc3370 points into unknown readable memory: 0x00007ff9b254be90 | 90 be 54 b2 f9 7f 00 00
R15=
[error occurred during error reporting (printing register info), id 0xc0000005, EXCEPTION_ACCESS_VIOLATION (0xc0000005) at pc=0x00007ff9b2061ce3]

Registers:
RAX=0x0000000000000000, RBX=0x0000000086b66c78, RCX=0x0000000086d00000, RDX=0x0000006c98fff500
RSP=0x0000006c98fff4e0, RBP=0x0000006c98fff620, RSI=0x0000000086b66c78, RDI=0x000001877ebc3370
R8 =0x0000000000020000, R9 =0x0000000086b66c78, R10=0x0000000000035b37, R11=0x000001877ebc33c8
R12=0x0000006c98fff610, R13=0x0000000000000000, R14=0x000001877ebc3370, R15=0x0000000086da3600
RIP=0x00007ff9b2061ce3, EFLAGS=0x0000000000010287

Top of Stack: (sp=0x0000006c98fff4e0)
0x0000006c98fff4e0:   000001877ebb2428 0000000086766f20
0x0000006c98fff4f0:   000000008677fe00 0000000100c63140
0x0000006c98fff500:   0000000086d00000 0000000000020000
0x0000006c98fff510:   0000000086da3600 00007ff9b2061d3a
0x0000006c98fff520:   0000000086b66c78 0000000086b66c78
0x0000006c98fff530:   0000006c98fff620 00007ff9b201d5a0
0x0000006c98fff540:   000001877ebc3370 00007ff9b2062330
0x0000006c98fff550:   0000018700000067 000000008677b848
0x0000006c98fff560:   000001877ebc33c8 000001877ebb23d0
0x0000006c98fff570:   0000018778066d1b 00007ff9b2023908
0x0000006c98fff580:   0000018765194ae0 0000000086da3800
0x0000006c98fff590:   000000008676b000 000000008676b000
0x0000006c98fff5a0:   0000018704a9c450 00007ff9b22ddee1
0x0000006c98fff5b0:   000000008676c600 00007ff9b20138b9
0x0000006c98fff5c0:   0000000000000005 000001877ebc3370
0x0000006c98fff5d0:   0000000000000005 0000000086e00000 

Instructions: (pc=0x00007ff9b2061ce3)
0x00007ff9b2061be3:   f8 00 00 00 e9 84 33 00 00 cc cc cc cc 40 53 48
0x00007ff9b2061bf3:   83 ec 30 48 8b 59 50 4c 8b c2 48 8b 41 10 48 2b
0x00007ff9b2061c03:   c3 48 c1 e8 03 48 3b c2 4c 0f 42 c0 4c 3b c2 72
0x00007ff9b2061c13:   33 4a 8d 04 c3 48 89 41 50 48 85 db 74 1d 48 83
0x00007ff9b2061c23:   c1 58 48 3b 01 76 14 4c 8d 41 08 48 89 44 24 20
0x00007ff9b2061c33:   4c 8b cb 48 8b d1 e8 92 5a f8 ff 48 8b c3 48 83
0x00007ff9b2061c43:   c4 30 5b c3 33 c0 48 83 c4 30 5b c3 cc 48 89 5c
0x00007ff9b2061c53:   24 08 48 89 74 24 10 57 48 83 ec 30 48 8b da 48
0x00007ff9b2061c63:   8b f9 e8 d6 b6 fd ff 4c 8b 07 48 8d 54 24 20 48
0x00007ff9b2061c73:   8b cf 48 8b f0 41 ff 50 28 48 8b 08 48 3b d9 72
0x00007ff9b2061c83:   53 4c 8b 40 08 4a 8d 14 c1 48 3b da 73 46 80 3d
0x00007ff9b2061c93:   0f 66 65 00 00 74 23 4c 8b c7 48 8b d3 48 8b ce
0x00007ff9b2061ca3:   e8 a8 ff f8 ff 84 c0 0f 94 c0 48 8b 5c 24 40 48
0x00007ff9b2061cb3:   8b 74 24 48 48 83 c4 30 5f c3 48 8b 4f 50 48 3b
0x00007ff9b2061cc3:   d9 0f 92 c0 48 8b 5c 24 40 48 8b 74 24 48 48 83
0x00007ff9b2061cd3:   c4 30 5f c3 48 8b 87 08 01 00 00 48 8b 74 24 48
0x00007ff9b2061ce3:   48 3b 58 08 48 8b 5c 24 40 0f 94 c0 48 83 c4 30
0x00007ff9b2061cf3:   5f c3 cc cc cc cc cc cc cc cc cc cc cc 48 89 74
0x00007ff9b2061d03:   24 18 41 56 48 83 ec 20 48 8b 41 50 48 8b f2 4c
0x00007ff9b2061d13:   8b f1 48 3b d0 75 17 48 8b 41 10 48 2b c2 48 c1
0x00007ff9b2061d23:   e8 03 48 8b 74 24 40 48 83 c4 20 41 5e c3 48 8b
0x00007ff9b2061d33:   01 ff 90 a0 00 00 00 84 c0 74 4c 80 3d 93 a3 6b
0x00007ff9b2061d43:   00 00 74 29 8b 0d 8b 10 67 00 8b 56 08 48 d3 e2
0x00007ff9b2061d53:   48 8b ce 48 03 15 73 10 67 00 e8 1e fd e3 ff 48
0x00007ff9b2061d63:   98 48 8b 74 24 40 48 83 c4 20 41 5e c3 48 8b 56
0x00007ff9b2061d73:   08 48 8b ce e8 04 fd e3 ff 48 98 48 8b 74 24 40
0x00007ff9b2061d83:   48 83 c4 20 41 5e c3 48 89 5c 24 30 48 89 7c 24
0x00007ff9b2061d93:   38 e8 a7 b5 fd ff 4d 8b 86 58 01 00 00 48 8b 88
0x00007ff9b2061da3:   38 06 00 00 b8 08 00 00 00 4c 8b 91 88 00 00 00
0x00007ff9b2061db3:   49 8b 3a 41 8b 5a 10 4c 2b c7 8b cb 49 c1 e8 03
0x00007ff9b2061dc3:   d3 e0 ff c8 49 d3 e8 4c 63 c8 49 8d 14 31 49 f7
0x00007ff9b2061dd3:   d1 49 23 d1 48 2b d7 48 c1 ea 03 48 d3 ea 49 8d 


Stack slot to memory mapping:
stack at sp + 0 slots: 0x000001877ebb2428 points into unknown readable memory: 0x0000000086800000 | 00 00 80 86 00 00 00 00
stack at sp + 1 slots: 0x0000000086766f20 is an oop: [J 
{0x0000000086766f20} - klass: {type array long}
 - length: 129
stack at sp + 2 slots: 0x000000008677fe00 is an oop: [Lcom.android.tools.r8.graph.o0; 
{0x000000008677fe00} - klass: 'com/android/tools/r8/graph/o0'[]
 - length: 0
stack at sp + 3 slots: 0x0000000100c63140 is a pointer to class: 
com.android.tools.r8.internal.Yd {0x0000000100c63148}
stack at sp + 4 slots: 0x0000000086d00000 is an oop: com.android.tools.r8.graph.q0 
{0x0000000086d00000} - klass: 'com/android/tools/r8/graph/q0'
stack at sp + 5 slots: 0x0000000000020000 is an unknown value
stack at sp + 6 slots: 
[error occurred during error reporting (inspecting top of stack), id 0xc0000005, EXCEPTION_ACCESS_VIOLATION (0xc0000005) at pc=0x00007ff9b2061ce3]


---------------  P R O C E S S  ---------------

Threads class SMR info:
_java_thread_list=0x000001870723b670, length=95, elements={
0x0000018765187800, 0x000001877f599800, 0x000001877f5a2800, 0x000001877f5ed000,
0x000001877f5f0000, 0x000001877f5f4000, 0x000001877f5f8800, 0x000001877f602000,
0x000001877f604800, 0x000001877f77c000, 0x0000018701057000, 0x0000018702572800,
0x0000018701aca800, 0x0000018701cab800, 0x0000018701181800, 0x0000018701b47000,
0x000001870110e800, 0x0000018701abd000, 0x00000187019ea000, 0x0000018700504800,
0x0000018701eab800, 0x0000018701ea6800, 0x0000018701eaa800, 0x0000018701eac000,
0x0000018701ea9800, 0x0000018701ead000, 0x0000018701ea7000, 0x0000018701ea8000,
0x0000018701ea9000, 0x00000187032d3800, 0x00000187032d5000, 0x00000187032d7000,
0x00000187032d2000, 0x00000187032d8800, 0x00000187032d2800, 0x00000187032da000,
0x00000187032df000, 0x00000187032dc800, 0x00000187032db000, 0x00000187032dd800,
0x00000187032de000, 0x00000187032d9000, 0x00000187032db800, 0x00000187032e0000,
0x000001870089e000, 0x000001870089a800, 0x000001870089b800, 0x00000187008a1000,
0x000001870089f000, 0x000001870089c800, 0x000001870089f800, 0x00000187008a0800,
0x00000187008a2000, 0x00000187008a3000, 0x000001870089d000, 0x00000187008a4800,
0x00000187008a9800, 0x00000187008a8000, 0x00000187008a7000, 0x00000187008a5800,
0x00000187008a3800, 0x00000187008a8800, 0x00000187008a6000, 0x0000018703fb8000,
0x0000018703fb9000, 0x0000018703fbb800, 0x0000018703fba800, 0x0000018703fb5800,
0x0000018703fba000, 0x0000018703fbc800, 0x0000018703fb6800, 0x0000018703fbd000,
0x0000018703fb7800, 0x0000018703fc0800, 0x0000018703fc3000, 0x0000018703fc3800,
0x0000018703fbe800, 0x0000018704f0d000, 0x0000018703fbe000, 0x0000018703fc4800,
0x0000018703fbf800, 0x0000018703fc1000, 0x0000018700d1e800, 0x0000018700d1d800,
0x0000018700d1b800, 0x0000018700d19800, 0x0000018700d1c000, 0x0000018700d1f800,
0x0000018700d20000, 0x0000018700d1a800, 0x0000018700d1d000, 0x0000018704bc2000,
0x0000018704bc3000, 0x0000018704bc3800, 0x0000018704bc4800
}

Java Threads: ( => current thread )
  0x0000018765187800 JavaThread "main" [_thread_blocked, id=7776, stack(0x0000006c92500000,0x0000006c92600000)]
  0x000001877f599800 JavaThread "Reference Handler" daemon [_thread_blocked, id=13536, stack(0x0000006c92c00000,0x0000006c92d00000)]
  0x000001877f5a2800 JavaThread "Finalizer" daemon [_thread_blocked, id=13528, stack(0x0000006c92d00000,0x0000006c92e00000)]
  0x000001877f5ed000 JavaThread "Signal Dispatcher" daemon [_thread_blocked, id=2096, stack(0x0000006c92e00000,0x0000006c92f00000)]
  0x000001877f5f0000 JavaThread "Attach Listener" daemon [_thread_blocked, id=8540, stack(0x0000006c92f00000,0x0000006c93000000)]
  0x000001877f5f4000 JavaThread "Service Thread" daemon [_thread_blocked, id=10632, stack(0x0000006c93000000,0x0000006c93100000)]
  0x000001877f5f8800 JavaThread "C2 CompilerThread0" daemon [_thread_blocked, id=13580, stack(0x0000006c93100000,0x0000006c93200000)]
  0x000001877f602000 JavaThread "C1 CompilerThread0" daemon [_thread_blocked, id=11252, stack(0x0000006c93200000,0x0000006c93300000)]
  0x000001877f604800 JavaThread "Sweeper thread" daemon [_thread_blocked, id=10252, stack(0x0000006c93300000,0x0000006c93400000)]
  0x000001877f77c000 JavaThread "Common-Cleaner" daemon [_thread_blocked, id=2276, stack(0x0000006c93400000,0x0000006c93500000)]
  0x0000018701057000 JavaThread "Daemon health stats" [_thread_blocked, id=8256, stack(0x0000006c93900000,0x0000006c93a00000)]
  0x0000018702572800 JavaThread "Incoming local TCP Connector on port 11826" [_thread_in_native, id=5068, stack(0x0000006c93600000,0x0000006c93700000)]
  0x0000018701aca800 JavaThread "Daemon periodic checks" [_thread_blocked, id=4384, stack(0x0000006c93a00000,0x0000006c93b00000)]
  0x0000018701cab800 JavaThread "Daemon" [_thread_blocked, id=6780, stack(0x0000006c93b00000,0x0000006c93c00000)]
  0x0000018701181800 JavaThread "Handler for socket connection from /127.0.0.1:11826 to /127.0.0.1:11827" [_thread_in_native, id=220, stack(0x0000006c93c00000,0x0000006c93d00000)]
  0x0000018701b47000 JavaThread "Cancel handler" [_thread_blocked, id=11044, stack(0x0000006c93d00000,0x0000006c93e00000)]
  0x000001870110e800 JavaThread "Daemon worker" [_thread_blocked, id=960, stack(0x0000006c93e00000,0x0000006c93f00000)]
  0x0000018701abd000 JavaThread "Asynchronous log dispatcher for DefaultDaemonConnection: socket connection from /127.0.0.1:11826 to /127.0.0.1:11827" [_thread_blocked, id=3644, stack(0x0000006c93f00000,0x0000006c94000000)]
  0x00000187019ea000 JavaThread "Stdin handler" [_thread_blocked, id=3260, stack(0x0000006c94000000,0x0000006c94100000)]
  0x0000018700504800 JavaThread "Daemon client event forwarder" [_thread_blocked, id=3836, stack(0x0000006c94100000,0x0000006c94200000)]
  0x0000018701eab800 JavaThread "Cache worker for journal cache (C:\Users\Amir\.gradle\caches\journal-1)" [_thread_blocked, id=9920, stack(0x0000006c94300000,0x0000006c94400000)]
  0x0000018701ea6800 JavaThread "File lock request listener" [_thread_in_native, id=8136, stack(0x0000006c94400000,0x0000006c94500000)]
  0x0000018701eaa800 JavaThread "Cache worker for file hash cache (C:\Users\Amir\.gradle\caches\7.3.3\fileHashes)" [_thread_blocked, id=13620, stack(0x0000006c94500000,0x0000006c94600000)]
  0x0000018701eac000 JavaThread "Cache worker for file hash cache (C:\Users\Amir\AndroidStudioProjects\ToDoList\.gradle\7.3.3\fileHashes)" [_thread_blocked, id=9180, stack(0x0000006c94700000,0x0000006c94800000)]
  0x0000018701ea9800 JavaThread "File watcher server" daemon [_thread_in_native, id=2848, stack(0x0000006c94800000,0x0000006c94900000)]
  0x0000018701ead000 JavaThread "File watcher consumer" daemon [_thread_blocked, id=11256, stack(0x0000006c94900000,0x0000006c94a00000)]
  0x0000018701ea7000 JavaThread "Cache worker for checksums cache (C:\Users\Amir\AndroidStudioProjects\ToDoList\.gradle\7.3.3\checksums)" [_thread_blocked, id=11948, stack(0x0000006c94a00000,0x0000006c94b00000)]
  0x0000018701ea8000 JavaThread "Cache worker for cache directory md-supplier (C:\Users\Amir\.gradle\caches\7.3.3\md-supplier)" [_thread_blocked, id=11420, stack(0x0000006c94b00000,0x0000006c94c00000)]
  0x0000018701ea9000 JavaThread "Cache worker for cache directory md-rule (C:\Users\Amir\.gradle\caches\7.3.3\md-rule)" [_thread_blocked, id=5828, stack(0x0000006c94c00000,0x0000006c94d00000)]
  0x00000187032d3800 JavaThread "Cache worker for execution history cache (C:\Users\Amir\.gradle\caches\7.3.3\executionHistory)" [_thread_blocked, id=8532, stack(0x0000006c94d00000,0x0000006c94e00000)]
  0x00000187032d5000 JavaThread "jar transforms" [_thread_blocked, id=10948, stack(0x0000006c94e00000,0x0000006c94f00000)]
  0x00000187032d7000 JavaThread "Cache worker for file content cache (C:\Users\Amir\.gradle\caches\7.3.3\fileContent)" [_thread_blocked, id=12060, stack(0x0000006c94f00000,0x0000006c95000000)]
  0x00000187032d2000 JavaThread "jar transforms Thread 2" [_thread_blocked, id=4944, stack(0x0000006c95000000,0x0000006c95100000)]
  0x00000187032d8800 JavaThread "Cache worker for dependencies-accessors (C:\Users\Amir\AndroidStudioProjects\ToDoList\.gradle\7.3.3\dependencies-accessors)" [_thread_blocked, id=11532, stack(0x0000006c95100000,0x0000006c95200000)]
  0x00000187032d2800 JavaThread "jar transforms Thread 3" [_thread_blocked, id=7908, stack(0x0000006c95200000,0x0000006c95300000)]
  0x00000187032da000 JavaThread "Cache worker for Build Output Cleanup Cache (C:\Users\Amir\AndroidStudioProjects\ToDoList\.gradle\buildOutputCleanup)" [_thread_blocked, id=11584, stack(0x0000006c95300000,0x0000006c95400000)]
  0x00000187032df000 JavaThread "Unconstrained build operations" [_thread_blocked, id=2800, stack(0x0000006c95400000,0x0000006c95500000)]
  0x00000187032dc800 JavaThread "Unconstrained build operations Thread 2" [_thread_blocked, id=11768, stack(0x0000006c95500000,0x0000006c95600000)]
  0x00000187032db000 JavaThread "Unconstrained build operations Thread 3" [_thread_blocked, id=12216, stack(0x0000006c95600000,0x0000006c95700000)]
  0x00000187032dd800 JavaThread "Unconstrained build operations Thread 4" [_thread_blocked, id=11192, stack(0x0000006c95700000,0x0000006c95800000)]
  0x00000187032de000 JavaThread "Unconstrained build operations Thread 5" [_thread_blocked, id=11464, stack(0x0000006c95800000,0x0000006c95900000)]
  0x00000187032d9000 JavaThread "Unconstrained build operations Thread 6" [_thread_blocked, id=11400, stack(0x0000006c95900000,0x0000006c95a00000)]
  0x00000187032db800 JavaThread "Unconstrained build operations Thread 7" [_thread_blocked, id=11996, stack(0x0000006c95a00000,0x0000006c95b00000)]
  0x00000187032e0000 JavaThread "Unconstrained build operations Thread 8" [_thread_blocked, id=7112, stack(0x0000006c95b00000,0x0000006c95c00000)]
  0x000001870089e000 JavaThread "Unconstrained build operations Thread 9" [_thread_blocked, id=3112, stack(0x0000006c95c00000,0x0000006c95d00000)]
  0x000001870089a800 JavaThread "Unconstrained build operations Thread 10" [_thread_blocked, id=4552, stack(0x0000006c95d00000,0x0000006c95e00000)]
  0x000001870089b800 JavaThread "Unconstrained build operations Thread 11" [_thread_blocked, id=9600, stack(0x0000006c95e00000,0x0000006c95f00000)]
  0x00000187008a1000 JavaThread "Unconstrained build operations Thread 12" [_thread_blocked, id=2036, stack(0x0000006c95f00000,0x0000006c96000000)]
  0x000001870089f000 JavaThread "Unconstrained build operations Thread 13" [_thread_blocked, id=5500, stack(0x0000006c96000000,0x0000006c96100000)]
  0x000001870089c800 JavaThread "Unconstrained build operations Thread 14" [_thread_blocked, id=11848, stack(0x0000006c96100000,0x0000006c96200000)]
  0x000001870089f800 JavaThread "Unconstrained build operations Thread 15" [_thread_blocked, id=12464, stack(0x0000006c96200000,0x0000006c96300000)]
  0x00000187008a0800 JavaThread "Unconstrained build operations Thread 16" [_thread_blocked, id=6784, stack(0x0000006c96300000,0x0000006c96400000)]
  0x00000187008a2000 JavaThread "Unconstrained build operations Thread 17" [_thread_blocked, id=5240, stack(0x0000006c96400000,0x0000006c96500000)]
  0x00000187008a3000 JavaThread "Unconstrained build operations Thread 18" [_thread_blocked, id=11388, stack(0x0000006c96500000,0x0000006c96600000)]
  0x000001870089d000 JavaThread "Unconstrained build operations Thread 19" [_thread_blocked, id=9684, stack(0x0000006c96600000,0x0000006c96700000)]
  0x00000187008a4800 JavaThread "Unconstrained build operations Thread 20" [_thread_blocked, id=10272, stack(0x0000006c96700000,0x0000006c96800000)]
  0x00000187008a9800 JavaThread "Unconstrained build operations Thread 21" [_thread_blocked, id=10596, stack(0x0000006c96800000,0x0000006c96900000)]
  0x00000187008a8000 JavaThread "Unconstrained build operations Thread 22" [_thread_blocked, id=6548, stack(0x0000006c96900000,0x0000006c96a00000)]
  0x00000187008a7000 JavaThread "Unconstrained build operations Thread 23" [_thread_blocked, id=10484, stack(0x0000006c96a00000,0x0000006c96b00000)]
  0x00000187008a5800 JavaThread "Unconstrained build operations Thread 24" [_thread_blocked, id=9324, stack(0x0000006c96b00000,0x0000006c96c00000)]
  0x00000187008a3800 JavaThread "Unconstrained build operations Thread 25" [_thread_blocked, id=1860, stack(0x0000006c96c00000,0x0000006c96d00000)]
  0x00000187008a8800 JavaThread "Unconstrained build operations Thread 26" [_thread_blocked, id=3652, stack(0x0000006c96d00000,0x0000006c96e00000)]
  0x00000187008a6000 JavaThread "Unconstrained build operations Thread 27" [_thread_blocked, id=1200, stack(0x0000006c96e00000,0x0000006c96f00000)]
  0x0000018703fb8000 JavaThread "Unconstrained build operations Thread 28" [_thread_blocked, id=5516, stack(0x0000006c96f00000,0x0000006c97000000)]
  0x0000018703fb9000 JavaThread "Unconstrained build operations Thread 29" [_thread_blocked, id=5808, stack(0x0000006c97000000,0x0000006c97100000)]
  0x0000018703fbb800 JavaThread "Unconstrained build operations Thread 30" [_thread_blocked, id=5644, stack(0x0000006c97100000,0x0000006c97200000)]
  0x0000018703fba800 JavaThread "Unconstrained build operations Thread 31" [_thread_blocked, id=108, stack(0x0000006c97200000,0x0000006c97300000)]
  0x0000018703fb5800 JavaThread "Unconstrained build operations Thread 32" [_thread_blocked, id=7184, stack(0x0000006c97300000,0x0000006c97400000)]
  0x0000018703fba000 JavaThread "Unconstrained build operations Thread 33" [_thread_blocked, id=5728, stack(0x0000006c97400000,0x0000006c97500000)]
  0x0000018703fbc800 JavaThread "Unconstrained build operations Thread 34" [_thread_blocked, id=6648, stack(0x0000006c97500000,0x0000006c97600000)]
  0x0000018703fb6800 JavaThread "Unconstrained build operations Thread 35" [_thread_blocked, id=4580, stack(0x0000006c97600000,0x0000006c97700000)]
  0x0000018703fbd000 JavaThread "Unconstrained build operations Thread 36" [_thread_blocked, id=10348, stack(0x0000006c97700000,0x0000006c97800000)]
  0x0000018703fb7800 JavaThread "Unconstrained build operations Thread 37" [_thread_blocked, id=8612, stack(0x0000006c97800000,0x0000006c97900000)]
  0x0000018703fc0800 JavaThread "Unconstrained build operations Thread 38" [_thread_blocked, id=3268, stack(0x0000006c97900000,0x0000006c97a00000)]
  0x0000018703fc3000 JavaThread "Unconstrained build operations Thread 39" [_thread_blocked, id=5668, stack(0x0000006c97a00000,0x0000006c97b00000)]
  0x0000018703fc3800 JavaThread "Unconstrained build operations Thread 40" [_thread_blocked, id=10812, stack(0x0000006c97b00000,0x0000006c97c00000)]
  0x0000018703fbe800 JavaThread "jar transforms Thread 4" [_thread_blocked, id=12300, stack(0x0000006c97c00000,0x0000006c97d00000)]
  0x0000018704f0d000 JavaThread "C2 CompilerThread1" daemon [_thread_in_native, id=4508, stack(0x0000006c94600000,0x0000006c94700000)]
  0x0000018703fbe000 JavaThread "Memory manager" [_thread_blocked, id=1948, stack(0x0000006c97d00000,0x0000006c97e00000)]
  0x0000018703fc4800 JavaThread "build event listener" [_thread_blocked, id=9564, stack(0x0000006c97e00000,0x0000006c97f00000)]
  0x0000018703fbf800 JavaThread "Execution worker for ':'" [_thread_blocked, id=2216, stack(0x0000006c97f00000,0x0000006c98000000)]
  0x0000018703fc1000 JavaThread "Execution worker for ':' Thread 2" [_thread_blocked, id=10560, stack(0x0000006c98000000,0x0000006c98100000)]
  0x0000018700d1e800 JavaThread "Execution worker for ':' Thread 3" [_thread_blocked, id=9620, stack(0x0000006c98100000,0x0000006c98200000)]
  0x0000018700d1d800 JavaThread "Cache worker for execution history cache (C:\Users\Amir\AndroidStudioProjects\ToDoList\.gradle\7.3.3\executionHistory)" [_thread_blocked, id=10488, stack(0x0000006c98200000,0x0000006c98300000)]
  0x0000018700d1b800 JavaThread "WorkerExecutor Queue" [_thread_blocked, id=7008, stack(0x0000006c98300000,0x0000006c98400000)]
  0x0000018700d19800 JavaThread "WorkerExecutor Queue Thread 2" [_thread_blocked, id=12760, stack(0x0000006c98400000,0x0000006c98500000)]
  0x0000018700d1c000 JavaThread "WorkerExecutor Queue Thread 3" [_thread_blocked, id=12348, stack(0x0000006c98500000,0x0000006c98600000)]
  0x0000018700d1f800 JavaThread "WorkerExecutor Queue Thread 4" [_thread_blocked, id=7096, stack(0x0000006c98600000,0x0000006c98700000)]
  0x0000018700d20000 JavaThread "pool-3-thread-1" [_thread_blocked, id=10112, stack(0x0000006c98700000,0x0000006c98800000)]
  0x0000018700d1a800 JavaThread "stderr" [_thread_in_native, id=9716, stack(0x0000006c98800000,0x0000006c98900000)]
  0x0000018700d1d000 JavaThread "stdout" [_thread_in_native, id=9368, stack(0x0000006c98900000,0x0000006c98a00000)]
  0x0000018704bc2000 JavaThread "ForkJoinPool-1-worker-3" daemon [_thread_blocked, id=10688, stack(0x0000006c98b00000,0x0000006c98c00000)]
  0x0000018704bc3000 JavaThread "ForkJoinPool-1-worker-5" daemon [_thread_blocked, id=1644, stack(0x0000006c98c00000,0x0000006c98d00000)]
  0x0000018704bc3800 JavaThread "ForkJoinPool-1-worker-7" daemon [_thread_blocked, id=7432, stack(0x0000006c98d00000,0x0000006c98e00000)]
  0x0000018704bc4800 JavaThread "ForkJoinPool-1-worker-1" daemon [_thread_blocked, id=3492, stack(0x0000006c98e00000,0x0000006c98f00000)]

Other Threads:
  0x000001877ed6e800 VMThread "VM Thread" [stack: 0x0000006c92b00000,0x0000006c92c00000] [id=13660]
  0x000001877f78e800 WatcherThread [stack: 0x0000006c93500000,0x0000006c93600000] [id=10700]
  0x000001876519f800 GCTaskThread "GC Thread#0" [stack: 0x0000006c92600000,0x0000006c92700000] [id=13476]
  0x0000018700167800 GCTaskThread "GC Thread#1" [stack: 0x0000006c93700000,0x0000006c93800000] [id=13628]
  0x00000187006c8800 GCTaskThread "GC Thread#2" [stack: 0x0000006c93800000,0x0000006c93900000] [id=5796]
  0x0000018700fb6800 GCTaskThread "GC Thread#3" [stack: 0x0000006c94200000,0x0000006c94300000] [id=10400]
  0x00000187651d2000 ConcurrentGCThread "G1 Main Marker" [stack: 0x0000006c92700000,0x0000006c92800000] [id=4908]
  0x00000187651d3000 ConcurrentGCThread "G1 Conc#0" [stack: 0x0000006c92800000,0x0000006c92900000] [id=13540]
  0x000001877ebda800 ConcurrentGCThread "G1 Refine#0" [stack: 0x0000006c92900000,0x0000006c92a00000] [id=13524]
=>0x0000018704bdc800 ConcurrentGCThread "G1 Refine#1" [stack: 0x0000006c98f00000,0x0000006c99000000] [id=10832]
  0x0000018704a0f000 ConcurrentGCThread "G1 Refine#2" [stack: 0x0000006c99000000,0x0000006c99100000] [id=6640]
  0x000001877ebdf800 ConcurrentGCThread "G1 Young RemSet Sampling" [stack: 0x0000006c92a00000,0x0000006c92b00000] [id=6280]

Threads with active compile tasks:
C2 CompilerThread1  25911 11005       4       com.android.tools.r8.dex.j::e (664 bytes)

VM state:not at safepoint (normal execution)

VM Mutex/Monitor currently owned by a thread: None

Heap address: 0x0000000080000000, size: 2048 MB, Compressed Oops mode: 32-bit
Narrow klass base: 0x0000000000000000, Narrow klass shift: 3
Compressed class space size: 1073741824 Address: 0x0000000100000000

Heap:
 garbage-first heap   total 273408K, used 128000K [0x0000000080000000, 0x0000000100000000)
  region size 1024K, 11 young (11264K), 8 survivors (8192K)
 Metaspace       used 95801K, capacity 98234K, committed 98508K, reserved 1134592K
  class space    used 12615K, capacity 13489K, committed 13568K, reserved 1048576K
Heap Regions: E=young(eden), S=young(survivor), O=old, HS=humongous(starts), HC=humongous(continues), CS=collection set, F=free, A=archive, TAMS=top-at-mark-start (previous, next)
|   0|0x0000000080000000, 0x0000000080100000, 0x0000000080100000|100%| O|  |TAMS 0x0000000080100000, 0x0000000080000000| Untracked 
|   1|0x0000000080100000, 0x0000000080200000, 0x0000000080200000|100%| O|  |TAMS 0x0000000080200000, 0x0000000080100000| Untracked 
|   2|0x0000000080200000, 0x0000000080300000, 0x0000000080300000|100%| O|  |TAMS 0x0000000080300000, 0x0000000080200000| Untracked 
|   3|0x0000000080300000, 0x0000000080400000, 0x0000000080400000|100%|HS|  |TAMS 0x0000000080400000, 0x0000000080300000| Complete 
|   4|0x0000000080400000, 0x0000000080500000, 0x0000000080500000|100%|HC|  |TAMS 0x0000000080500000, 0x0000000080400000| Complete 
|   5|0x0000000080500000, 0x0000000080600000, 0x0000000080600000|100%|HC|  |TAMS 0x0000000080600000, 0x0000000080500000| Complete 
|   6|0x0000000080600000, 0x0000000080700000, 0x0000000080700000|100%| O|  |TAMS 0x0000000080700000, 0x0000000080600000| Untracked 
|   7|0x0000000080700000, 0x0000000080800000, 0x0000000080800000|100%| O|  |TAMS 0x0000000080800000, 0x0000000080700000| Untracked 
|   8|0x0000000080800000, 0x0000000080900000, 0x0000000080900000|100%| O|  |TAMS 0x0000000080900000, 0x0000000080800000| Untracked 
|   9|0x0000000080900000, 0x0000000080a00000, 0x0000000080a00000|100%| O|  |TAMS 0x0000000080a00000, 0x0000000080900000| Untracked 
|  10|0x0000000080a00000, 0x0000000080b00000, 0x0000000080b00000|100%| O|  |TAMS 0x0000000080b00000, 0x0000000080a00000| Untracked 
|  11|0x0000000080b00000, 0x0000000080c00000, 0x0000000080c00000|100%| O|  |TAMS 0x0000000080c00000, 0x0000000080b00000| Untracked 
|  12|0x0000000080c00000, 0x0000000080d00000, 0x0000000080d00000|100%| O|  |TAMS 0x0000000080d00000, 0x0000000080c00000| Untracked 
|  13|0x0000000080d00000, 0x0000000080e00000, 0x0000000080e00000|100%| O|  |TAMS 0x0000000080e00000, 0x0000000080d00000| Untracked 
|  14|0x0000000080e00000, 0x0000000080f00000, 0x0000000080f00000|100%| O|  |TAMS 0x0000000080f00000, 0x0000000080e00000| Untracked 
|  15|0x0000000080f00000, 0x0000000081000000, 0x0000000081000000|100%| O|  |TAMS 0x0000000081000000, 0x0000000080f00000| Untracked 
|  16|0x0000000081000000, 0x0000000081100000, 0x0000000081100000|100%|HS|  |TAMS 0x0000000081100000, 0x0000000081000000| Complete 
|  17|0x0000000081100000, 0x0000000081200000, 0x0000000081200000|100%| O|  |TAMS 0x0000000081200000, 0x0000000081100000| Untracked 
|  18|0x0000000081200000, 0x0000000081300000, 0x0000000081300000|100%| O|  |TAMS 0x0000000081300000, 0x0000000081200000| Untracked 
|  19|0x0000000081300000, 0x0000000081400000, 0x0000000081400000|100%| O|  |TAMS 0x0000000081400000, 0x0000000081300000| Untracked 
|  20|0x0000000081400000, 0x0000000081500000, 0x0000000081500000|100%| O|  |TAMS 0x0000000081500000, 0x0000000081400000| Untracked 
|  21|0x0000000081500000, 0x0000000081600000, 0x0000000081600000|100%| O|  |TAMS 0x0000000081600000, 0x0000000081500000| Untracked 
|  22|0x0000000081600000, 0x0000000081700000, 0x0000000081700000|100%| O|  |TAMS 0x0000000081700000, 0x0000000081600000| Untracked 
|  23|0x0000000081700000, 0x0000000081800000, 0x0000000081800000|100%| O|  |TAMS 0x0000000081800000, 0x0000000081700000| Untracked 
|  24|0x0000000081800000, 0x0000000081900000, 0x0000000081900000|100%| O|  |TAMS 0x0000000081900000, 0x0000000081800000| Untracked 
|  25|0x0000000081900000, 0x0000000081a00000, 0x0000000081a00000|100%| O|  |TAMS 0x0000000081a00000, 0x0000000081900000| Untracked 
|  26|0x0000000081a00000, 0x0000000081b00000, 0x0000000081b00000|100%| O|  |TAMS 0x0000000081b00000, 0x0000000081a00000| Untracked 
|  27|0x0000000081b00000, 0x0000000081c00000, 0x0000000081c00000|100%| O|  |TAMS 0x0000000081c00000, 0x0000000081b00000| Untracked 
|  28|0x0000000081c00000, 0x0000000081d00000, 0x0000000081d00000|100%|HS|  |TAMS 0x0000000081d00000, 0x0000000081c00000| Complete 
|  29|0x0000000081d00000, 0x0000000081e00000, 0x0000000081e00000|100%|HS|  |TAMS 0x0000000081e00000, 0x0000000081d00000| Complete 
|  30|0x0000000081e00000, 0x0000000081f00000, 0x0000000081f00000|100%|HC|  |TAMS 0x0000000081f00000, 0x0000000081e00000| Complete 
|  31|0x0000000081f00000, 0x0000000082000000, 0x0000000082000000|100%| O|  |TAMS 0x0000000082000000, 0x0000000081f00000| Untracked 
|  32|0x0000000082000000, 0x0000000082100000, 0x0000000082100000|100%| O|  |TAMS 0x0000000082100000, 0x0000000082000000| Untracked 
|  33|0x0000000082100000, 0x0000000082200000, 0x0000000082200000|100%| O|  |TAMS 0x0000000082200000, 0x0000000082100000| Untracked 
|  34|0x0000000082200000, 0x0000000082300000, 0x0000000082300000|100%| O|  |TAMS 0x0000000082300000, 0x0000000082200000| Untracked 
|  35|0x0000000082300000, 0x0000000082400000, 0x0000000082400000|100%| O|  |TAMS 0x0000000082400000, 0x0000000082300000| Untracked 
|  36|0x0000000082400000, 0x0000000082500000, 0x0000000082500000|100%| O|  |TAMS 0x0000000082500000, 0x0000000082400000| Untracked 
|  37|0x0000000082500000, 0x0000000082600000, 0x0000000082600000|100%| O|  |TAMS 0x0000000082600000, 0x0000000082500000| Untracked 
|  38|0x0000000082600000, 0x0000000082700000, 0x0000000082700000|100%| O|  |TAMS 0x0000000082700000, 0x0000000082600000| Untracked 
|  39|0x0000000082700000, 0x0000000082800000, 0x0000000082800000|100%| O|  |TAMS 0x0000000082800000, 0x0000000082700000| Untracked 
|  40|0x0000000082800000, 0x0000000082900000, 0x0000000082900000|100%| O|  |TAMS 0x0000000082900000, 0x0000000082800000| Untracked 
|  41|0x0000000082900000, 0x0000000082a00000, 0x0000000082a00000|100%| O|  |TAMS 0x0000000082a00000, 0x0000000082900000| Untracked 
|  42|0x0000000082a00000, 0x0000000082b00000, 0x0000000082b00000|100%| O|  |TAMS 0x0000000082a13c00, 0x0000000082a00000| Untracked 
|  43|0x0000000082b00000, 0x0000000082c00000, 0x0000000082c00000|100%| O|  |TAMS 0x0000000082b00000, 0x0000000082b00000| Untracked 
|  44|0x0000000082c00000, 0x0000000082d00000, 0x0000000082d00000|100%| O|  |TAMS 0x0000000082c00000, 0x0000000082c00000| Untracked 
|  45|0x0000000082d00000, 0x0000000082e00000, 0x0000000082e00000|100%| O|  |TAMS 0x0000000082d00000, 0x0000000082d00000| Untracked 
|  46|0x0000000082e00000, 0x0000000082f00000, 0x0000000082f00000|100%| O|  |TAMS 0x0000000082e00000, 0x0000000082e00000| Untracked 
|  47|0x0000000082f00000, 0x0000000083000000, 0x0000000083000000|100%| O|  |TAMS 0x0000000082f00000, 0x0000000082f00000| Untracked 
|  48|0x0000000083000000, 0x0000000083100000, 0x0000000083100000|100%| O|  |TAMS 0x0000000083000000, 0x0000000083000000| Untracked 
|  49|0x0000000083100000, 0x0000000083200000, 0x0000000083200000|100%| O|  |TAMS 0x0000000083100000, 0x0000000083100000| Untracked 
|  50|0x0000000083200000, 0x0000000083300000, 0x0000000083300000|100%| O|  |TAMS 0x0000000083200000, 0x0000000083200000| Untracked 
|  51|0x0000000083300000, 0x0000000083400000, 0x0000000083400000|100%| O|  |TAMS 0x0000000083300000, 0x0000000083300000| Untracked 
|  52|0x0000000083400000, 0x0000000083500000, 0x0000000083500000|100%| O|  |TAMS 0x0000000083400000, 0x0000000083400000| Untracked 
|  53|0x0000000083500000, 0x0000000083600000, 0x0000000083600000|100%| O|  |TAMS 0x0000000083500000, 0x0000000083500000| Untracked 
|  54|0x0000000083600000, 0x0000000083700000, 0x0000000083700000|100%| O|  |TAMS 0x0000000083600000, 0x0000000083600000| Untracked 
|  55|0x0000000083700000, 0x0000000083800000, 0x0000000083800000|100%| O|  |TAMS 0x0000000083700000, 0x0000000083700000| Untracked 
|  56|0x0000000083800000, 0x0000000083900000, 0x0000000083900000|100%| O|  |TAMS 0x0000000083800000, 0x0000000083800000| Untracked 
|  57|0x0000000083900000, 0x0000000083a00000, 0x0000000083a00000|100%| O|  |TAMS 0x0000000083900000, 0x0000000083900000| Untracked 
|  58|0x0000000083a00000, 0x0000000083b00000, 0x0000000083b00000|100%| O|  |TAMS 0x0000000083a00000, 0x0000000083a00000| Untracked 
|  59|0x0000000083b00000, 0x0000000083c00000, 0x0000000083c00000|100%| O|  |TAMS 0x0000000083b00000, 0x0000000083b00000| Untracked 
|  60|0x0000000083c00000, 0x0000000083d00000, 0x0000000083d00000|100%|HS|  |TAMS 0x0000000083c00000, 0x0000000083c00000| Complete 
|  61|0x0000000083d00000, 0x0000000083e00000, 0x0000000083e00000|100%|HC|  |TAMS 0x0000000083d00000, 0x0000000083d00000| Complete 
|  62|0x0000000083e00000, 0x0000000083f00000, 0x0000000083f00000|100%|HS|  |TAMS 0x0000000083e00000, 0x0000000083e00000| Complete 
|  63|0x0000000083f00000, 0x0000000084000000, 0x0000000084000000|100%|HS|  |TAMS 0x0000000083f00000, 0x0000000083f00000| Complete 
|  64|0x0000000084000000, 0x0000000084100000, 0x0000000084100000|100%| O|  |TAMS 0x0000000084000000, 0x0000000084000000| Untracked 
|  65|0x0000000084100000, 0x0000000084200000, 0x0000000084200000|100%| O|  |TAMS 0x0000000084100000, 0x0000000084100000| Untracked 
|  66|0x0000000084200000, 0x0000000084300000, 0x0000000084300000|100%| O|  |TAMS 0x0000000084200000, 0x0000000084200000| Untracked 
|  67|0x0000000084300000, 0x0000000084400000, 0x0000000084400000|100%|HS|  |TAMS 0x0000000084300000, 0x0000000084300000| Complete 
|  68|0x0000000084400000, 0x0000000084500000, 0x0000000084500000|100%|HC|  |TAMS 0x0000000084400000, 0x0000000084400000| Complete 
|  69|0x0000000084500000, 0x0000000084600000, 0x0000000084600000|100%| O|  |TAMS 0x0000000084500000, 0x0000000084500000| Untracked 
|  70|0x0000000084600000, 0x0000000084700000, 0x0000000084700000|100%|HS|  |TAMS 0x0000000084600000, 0x0000000084600000| Complete 
|  71|0x0000000084700000, 0x0000000084800000, 0x0000000084800000|100%| O|  |TAMS 0x0000000084700000, 0x0000000084700000| Untracked 
|  72|0x0000000084800000, 0x0000000084900000, 0x0000000084900000|100%|HS|  |TAMS 0x0000000084800000, 0x0000000084800000| Complete 
|  73|0x0000000084900000, 0x0000000084a00000, 0x0000000084a00000|100%| O|  |TAMS 0x0000000084900000, 0x0000000084900000| Untracked 
|  74|0x0000000084a00000, 0x0000000084b00000, 0x0000000084b00000|100%| O|  |TAMS 0x0000000084a00000, 0x0000000084a00000| Untracked 
|  75|0x0000000084b00000, 0x0000000084c00000, 0x0000000084c00000|100%| O|  |TAMS 0x0000000084b00000, 0x0000000084b00000| Untracked 
|  76|0x0000000084c00000, 0x0000000084d00000, 0x0000000084d00000|100%| O|  |TAMS 0x0000000084c00000, 0x0000000084c00000| Untracked 
|  77|0x0000000084d00000, 0x0000000084e00000, 0x0000000084e00000|100%| O|  |TAMS 0x0000000084d00000, 0x0000000084d00000| Untracked 
|  78|0x0000000084e00000, 0x0000000084f00000, 0x0000000084f00000|100%| O|  |TAMS 0x0000000084e00000, 0x0000000084e00000| Untracked 
|  79|0x0000000084f00000, 0x0000000085000000, 0x0000000085000000|100%| O|  |TAMS 0x0000000084f00000, 0x0000000084f00000| Untracked 
|  80|0x0000000085000000, 0x0000000085100000, 0x0000000085100000|100%| O|  |TAMS 0x0000000085000000, 0x0000000085000000| Untracked 
|  81|0x0000000085100000, 0x0000000085200000, 0x0000000085200000|100%| O|  |TAMS 0x0000000085100000, 0x0000000085100000| Untracked 
|  82|0x0000000085200000, 0x0000000085300000, 0x0000000085300000|100%| O|  |TAMS 0x0000000085200000, 0x0000000085200000| Untracked 
|  83|0x0000000085300000, 0x0000000085400000, 0x0000000085400000|100%| O|  |TAMS 0x0000000085300000, 0x0000000085300000| Untracked 
|  84|0x0000000085400000, 0x0000000085500000, 0x0000000085500000|100%| O|  |TAMS 0x0000000085400000, 0x0000000085400000| Untracked 
|  85|0x0000000085500000, 0x0000000085600000, 0x0000000085600000|100%| O|  |TAMS 0x0000000085500000, 0x0000000085500000| Untracked 
|  86|0x0000000085600000, 0x0000000085700000, 0x0000000085700000|100%| O|  |TAMS 0x0000000085600000, 0x0000000085600000| Untracked 
|  87|0x0000000085700000, 0x0000000085800000, 0x0000000085800000|100%| O|  |TAMS 0x0000000085700000, 0x0000000085700000| Untracked 
|  88|0x0000000085800000, 0x0000000085900000, 0x0000000085900000|100%| O|  |TAMS 0x0000000085800000, 0x0000000085800000| Untracked 
|  89|0x0000000085900000, 0x0000000085a00000, 0x0000000085a00000|100%| O|  |TAMS 0x0000000085900000, 0x0000000085900000| Untracked 
|  90|0x0000000085a00000, 0x0000000085b00000, 0x0000000085b00000|100%| O|  |TAMS 0x0000000085a00000, 0x0000000085a00000| Untracked 
|  91|0x0000000085b00000, 0x0000000085c00000, 0x0000000085c00000|100%| O|  |TAMS 0x0000000085b00000, 0x0000000085b00000| Untracked 
|  92|0x0000000085c00000, 0x0000000085d00000, 0x0000000085d00000|100%| O|  |TAMS 0x0000000085c00000, 0x0000000085c00000| Untracked 
|  93|0x0000000085d00000, 0x0000000085e00000, 0x0000000085e00000|100%| O|  |TAMS 0x0000000085d00000, 0x0000000085d00000| Untracked 
|  94|0x0000000085e00000, 0x0000000085f00000, 0x0000000085f00000|100%| O|  |TAMS 0x0000000085e00000, 0x0000000085e00000| Untracked 
|  95|0x0000000085f00000, 0x0000000086000000, 0x0000000086000000|100%| O|  |TAMS 0x0000000085f00000, 0x0000000085f00000| Untracked 
|  96|0x0000000086000000, 0x0000000086100000, 0x0000000086100000|100%| O|  |TAMS 0x0000000086000000, 0x0000000086000000| Untracked 
|  97|0x0000000086100000, 0x0000000086200000, 0x0000000086200000|100%| O|  |TAMS 0x0000000086100000, 0x0000000086100000| Untracked 
|  98|0x0000000086200000, 0x0000000086300000, 0x0000000086300000|100%| O|  |TAMS 0x0000000086200000, 0x0000000086200000| Untracked 
|  99|0x0000000086300000, 0x0000000086400000, 0x0000000086400000|100%| O|  |TAMS 0x0000000086300000, 0x0000000086300000| Untracked 
| 100|0x0000000086400000, 0x0000000086500000, 0x0000000086500000|100%| O|  |TAMS 0x0000000086400000, 0x0000000086400000| Untracked 
| 101|0x0000000086500000, 0x0000000086500000, 0x0000000086600000|  0%| F|  |TAMS 0x0000000086500000, 0x0000000086500000| Untracked 
| 102|0x0000000086600000, 0x0000000086600000, 0x0000000086700000|  0%| F|  |TAMS 0x0000000086600000, 0x0000000086600000| Untracked 
| 103|0x0000000086700000, 0x0000000086800000, 0x0000000086800000|100%| O|  |TAMS 0x0000000086700000, 0x0000000086700000| Untracked 
| 104|0x0000000086800000, 0x0000000086900000, 0x0000000086900000|100%| O|  |TAMS 0x0000000086800000, 0x0000000086800000| Untracked 
| 105|0x0000000086900000, 0x0000000086a00000, 0x0000000086a00000|100%| O|  |TAMS 0x0000000086900000, 0x0000000086900000| Untracked 
| 106|0x0000000086a00000, 0x0000000086b00000, 0x0000000086b00000|100%| O|  |TAMS 0x0000000086a00000, 0x0000000086a00000| Untracked 
| 107|0x0000000086b00000, 0x0000000086c00000, 0x0000000086c00000|100%| O|  |TAMS 0x0000000086b00000, 0x0000000086b00000| Untracked 
| 108|0x0000000086c00000, 0x0000000086d00000, 0x0000000086d00000|100%| O|  |TAMS 0x0000000086c00000, 0x0000000086c00000| Untracked 
| 109|0x0000000086d00000, 0x0000000086e00000, 0x0000000086e00000|100%| O|  |TAMS 0x0000000086d00000, 0x0000000086d00000| Untracked 
| 110|0x0000000086e00000, 0x0000000086f00000, 0x0000000086f00000|100%| O|  |TAMS 0x0000000086e00000, 0x0000000086e00000| Untracked 
| 111|0x0000000086f00000, 0x0000000087000000, 0x0000000087000000|100%| O|  |TAMS 0x0000000086f00000, 0x0000000086f00000| Untracked 
| 112|0x0000000087000000, 0x0000000087100000, 0x0000000087100000|100%| O|  |TAMS 0x0000000087000000, 0x0000000087000000| Untracked 
| 113|0x0000000087100000, 0x0000000087200000, 0x0000000087200000|100%| O|  |TAMS 0x0000000087100000, 0x0000000087100000| Untracked 
| 114|0x0000000087200000, 0x0000000087200000, 0x0000000087300000|  0%| F|  |TAMS 0x0000000087200000, 0x0000000087200000| Untracked 
| 115|0x0000000087300000, 0x0000000087300000, 0x0000000087400000|  0%| F|  |TAMS 0x0000000087300000, 0x0000000087300000| Untracked 
| 116|0x0000000087400000, 0x0000000087400000, 0x0000000087500000|  0%| F|  |TAMS 0x0000000087400000, 0x0000000087400000| Untracked 
| 117|0x0000000087500000, 0x0000000087500000, 0x0000000087600000|  0%| F|  |TAMS 0x0000000087500000, 0x0000000087500000| Untracked 
| 118|0x0000000087600000, 0x0000000087600000, 0x0000000087700000|  0%| F|  |TAMS 0x0000000087600000, 0x0000000087600000| Untracked 
| 119|0x0000000087700000, 0x0000000087700000, 0x0000000087800000|  0%| F|  |TAMS 0x0000000087700000, 0x0000000087700000| Untracked 
| 120|0x0000000087800000, 0x0000000087800000, 0x0000000087900000|  0%| F|  |TAMS 0x0000000087800000, 0x0000000087800000| Untracked 
| 121|0x0000000087900000, 0x0000000087900000, 0x0000000087a00000|  0%| F|  |TAMS 0x0000000087900000, 0x0000000087900000| Untracked 
| 122|0x0000000087a00000, 0x0000000087a00000, 0x0000000087b00000|  0%| F|  |TAMS 0x0000000087a00000, 0x0000000087a00000| Untracked 
| 123|0x0000000087b00000, 0x0000000087b00000, 0x0000000087c00000|  0%| F|  |TAMS 0x0000000087b00000, 0x0000000087b00000| Untracked 
| 124|0x0000000087c00000, 0x0000000087c00000, 0x0000000087d00000|  0%| F|  |TAMS 0x0000000087c00000, 0x0000000087c00000| Untracked 
| 125|0x0000000087d00000, 0x0000000087d00000, 0x0000000087e00000|  0%| F|  |TAMS 0x0000000087d00000, 0x0000000087d00000| Untracked 
| 126|0x0000000087e00000, 0x0000000087f00000, 0x0000000087f00000|100%| O|  |TAMS 0x0000000087e00000, 0x0000000087e00000| Untracked 
| 127|0x0000000087f00000, 0x0000000088000000, 0x0000000088000000|100%| O|  |TAMS 0x0000000087f00000, 0x0000000087f00000| Untracked 
| 128|0x0000000088000000, 0x0000000088100000, 0x0000000088100000|100%| O|  |TAMS 0x0000000088000000, 0x0000000088000000| Untracked 
| 129|0x0000000088100000, 0x0000000088100000, 0x0000000088200000|  0%| F|  |TAMS 0x0000000088100000, 0x0000000088100000| Untracked 
| 130|0x0000000088200000, 0x0000000088200000, 0x0000000088300000|  0%| F|  |TAMS 0x0000000088200000, 0x0000000088200000| Untracked 
| 131|0x0000000088300000, 0x0000000088300000, 0x0000000088400000|  0%| F|  |TAMS 0x0000000088300000, 0x0000000088300000| Untracked 
| 132|0x0000000088400000, 0x0000000088400000, 0x0000000088500000|  0%| F|  |TAMS 0x0000000088400000, 0x0000000088400000| Untracked 
| 133|0x0000000088500000, 0x0000000088500000, 0x0000000088600000|  0%| F|  |TAMS 0x0000000088500000, 0x0000000088500000| Untracked 
| 134|0x0000000088600000, 0x0000000088600000, 0x0000000088700000|  0%| F|  |TAMS 0x0000000088600000, 0x0000000088600000| Untracked 
| 135|0x0000000088700000, 0x0000000088700000, 0x0000000088800000|  0%| F|  |TAMS 0x0000000088700000, 0x0000000088700000| Untracked 
| 136|0x0000000088800000, 0x0000000088800000, 0x0000000088900000|  0%| F|  |TAMS 0x0000000088800000, 0x0000000088800000| Untracked 
| 137|0x0000000088900000, 0x0000000088900000, 0x0000000088a00000|  0%| F|  |TAMS 0x0000000088900000, 0x0000000088900000| Untracked 
| 138|0x0000000088a00000, 0x0000000088a00000, 0x0000000088b00000|  0%| F|  |TAMS 0x0000000088a00000, 0x0000000088a00000| Untracked 
| 139|0x0000000088b00000, 0x0000000088b00000, 0x0000000088c00000|  0%| F|  |TAMS 0x0000000088b00000, 0x0000000088b00000| Untracked 
| 140|0x0000000088c00000, 0x0000000088c00000, 0x0000000088d00000|  0%| F|  |TAMS 0x0000000088c00000, 0x0000000088c00000| Untracked 
| 141|0x0000000088d00000, 0x0000000088d00000, 0x0000000088e00000|  0%| F|  |TAMS 0x0000000088d00000, 0x0000000088d00000| Untracked 
| 142|0x0000000088e00000, 0x0000000088e00000, 0x0000000088f00000|  0%| F|  |TAMS 0x0000000088e00000, 0x0000000088e00000| Untracked 
| 143|0x0000000088f00000, 0x0000000088f00000, 0x0000000089000000|  0%| F|  |TAMS 0x0000000088f00000, 0x0000000088f00000| Untracked 
| 144|0x0000000089000000, 0x0000000089000000, 0x0000000089100000|  0%| F|  |TAMS 0x0000000089000000, 0x0000000089000000| Untracked 
| 145|0x0000000089100000, 0x0000000089100000, 0x0000000089200000|  0%| F|  |TAMS 0x0000000089100000, 0x0000000089100000| Untracked 
| 146|0x0000000089200000, 0x0000000089200000, 0x0000000089300000|  0%| F|  |TAMS 0x0000000089200000, 0x0000000089200000| Untracked 
| 147|0x0000000089300000, 0x0000000089300000, 0x0000000089400000|  0%| F|  |TAMS 0x0000000089300000, 0x0000000089300000| Untracked 
| 148|0x0000000089400000, 0x0000000089400000, 0x0000000089500000|  0%| F|  |TAMS 0x0000000089400000, 0x0000000089400000| Untracked 
| 149|0x0000000089500000, 0x0000000089500000, 0x0000000089600000|  0%| F|  |TAMS 0x0000000089500000, 0x0000000089500000| Untracked 
| 150|0x0000000089600000, 0x0000000089600000, 0x0000000089700000|  0%| F|  |TAMS 0x0000000089600000, 0x0000000089600000| Untracked 
| 151|0x0000000089700000, 0x0000000089700000, 0x0000000089800000|  0%| F|  |TAMS 0x0000000089700000, 0x0000000089700000| Untracked 
| 152|0x0000000089800000, 0x0000000089800000, 0x0000000089900000|  0%| F|  |TAMS 0x0000000089800000, 0x0000000089800000| Untracked 
| 153|0x0000000089900000, 0x0000000089900000, 0x0000000089a00000|  0%| F|  |TAMS 0x0000000089900000, 0x0000000089900000| Untracked 
| 154|0x0000000089a00000, 0x0000000089a00000, 0x0000000089b00000|  0%| F|  |TAMS 0x0000000089a00000, 0x0000000089a00000| Untracked 
| 155|0x0000000089b00000, 0x0000000089b00000, 0x0000000089c00000|  0%| F|  |TAMS 0x0000000089b00000, 0x0000000089b00000| Untracked 
| 156|0x0000000089c00000, 0x0000000089c00000, 0x0000000089d00000|  0%| F|  |TAMS 0x0000000089c00000, 0x0000000089c00000| Untracked 
| 157|0x0000000089d00000, 0x0000000089d00000, 0x0000000089e00000|  0%| F|  |TAMS 0x0000000089d00000, 0x0000000089d00000| Untracked 
| 158|0x0000000089e00000, 0x0000000089e00000, 0x0000000089f00000|  0%| F|  |TAMS 0x0000000089e00000, 0x0000000089e00000| Untracked 
| 159|0x0000000089f00000, 0x0000000089f00000, 0x000000008a000000|  0%| F|  |TAMS 0x0000000089f00000, 0x0000000089f00000| Untracked 
| 160|0x000000008a000000, 0x000000008a000000, 0x000000008a100000|  0%| F|  |TAMS 0x000000008a000000, 0x000000008a000000| Untracked 
| 161|0x000000008a100000, 0x000000008a100000, 0x000000008a200000|  0%| F|  |TAMS 0x000000008a100000, 0x000000008a100000| Untracked 
| 162|0x000000008a200000, 0x000000008a200000, 0x000000008a300000|  0%| F|  |TAMS 0x000000008a200000, 0x000000008a200000| Untracked 
| 163|0x000000008a300000, 0x000000008a300000, 0x000000008a400000|  0%| F|  |TAMS 0x000000008a300000, 0x000000008a300000| Untracked 
| 164|0x000000008a400000, 0x000000008a400000, 0x000000008a500000|  0%| F|  |TAMS 0x000000008a400000, 0x000000008a400000| Untracked 
| 165|0x000000008a500000, 0x000000008a500000, 0x000000008a600000|  0%| F|  |TAMS 0x000000008a500000, 0x000000008a500000| Untracked 
| 166|0x000000008a600000, 0x000000008a600000, 0x000000008a700000|  0%| F|  |TAMS 0x000000008a600000, 0x000000008a600000| Untracked 
| 167|0x000000008a700000, 0x000000008a800000, 0x000000008a800000|100%| S|CS|TAMS 0x000000008a700000, 0x000000008a700000| Complete 
| 168|0x000000008a800000, 0x000000008a900000, 0x000000008a900000|100%| S|CS|TAMS 0x000000008a800000, 0x000000008a800000| Complete 
| 169|0x000000008a900000, 0x000000008aa00000, 0x000000008aa00000|100%| S|CS|TAMS 0x000000008a900000, 0x000000008a900000| Complete 
| 170|0x000000008aa00000, 0x000000008ab00000, 0x000000008ab00000|100%| S|CS|TAMS 0x000000008aa00000, 0x000000008aa00000| Complete 
| 171|0x000000008ab00000, 0x000000008ac00000, 0x000000008ac00000|100%| S|CS|TAMS 0x000000008ab00000, 0x000000008ab00000| Complete 
| 172|0x000000008ac00000, 0x000000008ad00000, 0x000000008ad00000|100%| S|CS|TAMS 0x000000008ac00000, 0x000000008ac00000| Complete 
| 173|0x000000008ad00000, 0x000000008ae00000, 0x000000008ae00000|100%| S|CS|TAMS 0x000000008ad00000, 0x000000008ad00000| Complete 
| 174|0x000000008ae00000, 0x000000008af00000, 0x000000008af00000|100%| S|CS|TAMS 0x000000008ae00000, 0x000000008ae00000| Complete 
| 175|0x000000008af00000, 0x000000008af00000, 0x000000008b000000|  0%| F|  |TAMS 0x000000008af00000, 0x000000008af00000| Untracked 
| 176|0x000000008b000000, 0x000000008b000000, 0x000000008b100000|  0%| F|  |TAMS 0x000000008b000000, 0x000000008b000000| Untracked 
| 177|0x000000008b100000, 0x000000008b100000, 0x000000008b200000|  0%| F|  |TAMS 0x000000008b100000, 0x000000008b100000| Untracked 
| 178|0x000000008b200000, 0x000000008b200000, 0x000000008b300000|  0%| F|  |TAMS 0x000000008b200000, 0x000000008b200000| Untracked 
| 179|0x000000008b300000, 0x000000008b300000, 0x000000008b400000|  0%| F|  |TAMS 0x000000008b300000, 0x000000008b300000| Untracked 
| 180|0x000000008b400000, 0x000000008b400000, 0x000000008b500000|  0%| F|  |TAMS 0x000000008b400000, 0x000000008b400000| Untracked 
| 181|0x000000008b500000, 0x000000008b500000, 0x000000008b600000|  0%| F|  |TAMS 0x000000008b500000, 0x000000008b500000| Untracked 
| 182|0x000000008b600000, 0x000000008b600000, 0x000000008b700000|  0%| F|  |TAMS 0x000000008b600000, 0x000000008b600000| Untracked 
| 183|0x000000008b700000, 0x000000008b700000, 0x000000008b800000|  0%| F|  |TAMS 0x000000008b700000, 0x000000008b700000| Untracked 
| 184|0x000000008b800000, 0x000000008b800000, 0x000000008b900000|  0%| F|  |TAMS 0x000000008b800000, 0x000000008b800000| Untracked 
| 185|0x000000008b900000, 0x000000008b900000, 0x000000008ba00000|  0%| F|  |TAMS 0x000000008b900000, 0x000000008b900000| Untracked 
| 186|0x000000008ba00000, 0x000000008ba00000, 0x000000008bb00000|  0%| F|  |TAMS 0x000000008ba00000, 0x000000008ba00000| Untracked 
| 187|0x000000008bb00000, 0x000000008bb00000, 0x000000008bc00000|  0%| F|  |TAMS 0x000000008bb00000, 0x000000008bb00000| Untracked 
| 188|0x000000008bc00000, 0x000000008bc00000, 0x000000008bd00000|  0%| F|  |TAMS 0x000000008bc00000, 0x000000008bc00000| Untracked 
| 189|0x000000008bd00000, 0x000000008bd00000, 0x000000008be00000|  0%| F|  |TAMS 0x000000008bd00000, 0x000000008bd00000| Untracked 
| 190|0x000000008be00000, 0x000000008be00000, 0x000000008bf00000|  0%| F|  |TAMS 0x000000008be00000, 0x000000008be00000| Untracked 
| 191|0x000000008bf00000, 0x000000008bf00000, 0x000000008c000000|  0%| F|  |TAMS 0x000000008bf00000, 0x000000008bf00000| Untracked 
| 192|0x000000008c000000, 0x000000008c000000, 0x000000008c100000|  0%| F|  |TAMS 0x000000008c000000, 0x000000008c000000| Untracked 
| 193|0x000000008c100000, 0x000000008c100000, 0x000000008c200000|  0%| F|  |TAMS 0x000000008c100000, 0x000000008c100000| Untracked 
| 194|0x000000008c200000, 0x000000008c200000, 0x000000008c300000|  0%| F|  |TAMS 0x000000008c200000, 0x000000008c200000| Untracked 
| 195|0x000000008c300000, 0x000000008c300000, 0x000000008c400000|  0%| F|  |TAMS 0x000000008c300000, 0x000000008c300000| Untracked 
| 196|0x000000008c400000, 0x000000008c400000, 0x000000008c500000|  0%| F|  |TAMS 0x000000008c400000, 0x000000008c400000| Untracked 
| 197|0x000000008c500000, 0x000000008c500000, 0x000000008c600000|  0%| F|  |TAMS 0x000000008c500000, 0x000000008c500000| Untracked 
| 198|0x000000008c600000, 0x000000008c600000, 0x000000008c700000|  0%| F|  |TAMS 0x000000008c600000, 0x000000008c600000| Untracked 
| 199|0x000000008c700000, 0x000000008c700000, 0x000000008c800000|  0%| F|  |TAMS 0x000000008c700000, 0x000000008c700000| Untracked 
| 200|0x000000008c800000, 0x000000008c800000, 0x000000008c900000|  0%| F|  |TAMS 0x000000008c800000, 0x000000008c800000| Untracked 
| 201|0x000000008c900000, 0x000000008c900000, 0x000000008ca00000|  0%| F|  |TAMS 0x000000008c900000, 0x000000008c900000| Untracked 
| 202|0x000000008ca00000, 0x000000008ca00000, 0x000000008cb00000|  0%| F|  |TAMS 0x000000008ca00000, 0x000000008ca00000| Untracked 
| 203|0x000000008cb00000, 0x000000008cb00000, 0x000000008cc00000|  0%| F|  |TAMS 0x000000008cb00000, 0x000000008cb00000| Untracked 
| 204|0x000000008cc00000, 0x000000008cc00000, 0x000000008cd00000|  0%| F|  |TAMS 0x000000008cc00000, 0x000000008cc00000| Untracked 
| 205|0x000000008cd00000, 0x000000008cd00000, 0x000000008ce00000|  0%| F|  |TAMS 0x000000008cd00000, 0x000000008cd00000| Untracked 
| 206|0x000000008ce00000, 0x000000008ce00000, 0x000000008cf00000|  0%| F|  |TAMS 0x000000008ce00000, 0x000000008ce00000| Untracked 
| 207|0x000000008cf00000, 0x000000008cf00000, 0x000000008d000000|  0%| F|  |TAMS 0x000000008cf00000, 0x000000008cf00000| Untracked 
| 208|0x000000008d000000, 0x000000008d000000, 0x000000008d100000|  0%| F|  |TAMS 0x000000008d000000, 0x000000008d000000| Untracked 
| 209|0x000000008d100000, 0x000000008d100000, 0x000000008d200000|  0%| F|  |TAMS 0x000000008d100000, 0x000000008d100000| Untracked 
| 210|0x000000008d200000, 0x000000008d200000, 0x000000008d300000|  0%| F|  |TAMS 0x000000008d200000, 0x000000008d200000| Untracked 
| 211|0x000000008d300000, 0x000000008d300000, 0x000000008d400000|  0%| F|  |TAMS 0x000000008d300000, 0x000000008d300000| Untracked 
| 212|0x000000008d400000, 0x000000008d400000, 0x000000008d500000|  0%| F|  |TAMS 0x000000008d400000, 0x000000008d400000| Untracked 
| 213|0x000000008d500000, 0x000000008d500000, 0x000000008d600000|  0%| F|  |TAMS 0x000000008d500000, 0x000000008d500000| Untracked 
| 214|0x000000008d600000, 0x000000008d600000, 0x000000008d700000|  0%| F|  |TAMS 0x000000008d600000, 0x000000008d600000| Untracked 
| 215|0x000000008d700000, 0x000000008d700000, 0x000000008d800000|  0%| F|  |TAMS 0x000000008d700000, 0x000000008d700000| Untracked 
| 216|0x000000008d800000, 0x000000008d800000, 0x000000008d900000|  0%| F|  |TAMS 0x000000008d800000, 0x000000008d800000| Untracked 
| 217|0x000000008d900000, 0x000000008d900000, 0x000000008da00000|  0%| F|  |TAMS 0x000000008d900000, 0x000000008d900000| Untracked 
| 218|0x000000008da00000, 0x000000008da00000, 0x000000008db00000|  0%| F|  |TAMS 0x000000008da00000, 0x000000008da00000| Untracked 
| 219|0x000000008db00000, 0x000000008db00000, 0x000000008dc00000|  0%| F|  |TAMS 0x000000008db00000, 0x000000008db00000| Untracked 
| 220|0x000000008dc00000, 0x000000008dc00000, 0x000000008dd00000|  0%| F|  |TAMS 0x000000008dc00000, 0x000000008dc00000| Untracked 
| 221|0x000000008dd00000, 0x000000008dd00000, 0x000000008de00000|  0%| F|  |TAMS 0x000000008dd00000, 0x000000008dd00000| Untracked 
| 222|0x000000008de00000, 0x000000008de00000, 0x000000008df00000|  0%| F|  |TAMS 0x000000008de00000, 0x000000008de00000| Untracked 
| 223|0x000000008df00000, 0x000000008df00000, 0x000000008e000000|  0%| F|  |TAMS 0x000000008df00000, 0x000000008df00000| Untracked 
| 224|0x000000008e000000, 0x000000008e000000, 0x000000008e100000|  0%| F|  |TAMS 0x000000008e000000, 0x000000008e000000| Untracked 
| 225|0x000000008e100000, 0x000000008e100000, 0x000000008e200000|  0%| F|  |TAMS 0x000000008e100000, 0x000000008e100000| Untracked 
| 226|0x000000008e200000, 0x000000008e200000, 0x000000008e300000|  0%| F|  |TAMS 0x000000008e200000, 0x000000008e200000| Untracked 
| 227|0x000000008e300000, 0x000000008e300000, 0x000000008e400000|  0%| F|  |TAMS 0x000000008e300000, 0x000000008e300000| Untracked 
| 228|0x000000008e400000, 0x000000008e400000, 0x000000008e500000|  0%| F|  |TAMS 0x000000008e400000, 0x000000008e400000| Untracked 
| 229|0x000000008e500000, 0x000000008e500000, 0x000000008e600000|  0%| F|  |TAMS 0x000000008e500000, 0x000000008e500000| Untracked 
| 230|0x000000008e600000, 0x000000008e600000, 0x000000008e700000|  0%| F|  |TAMS 0x000000008e600000, 0x000000008e600000| Untracked 
| 231|0x000000008e700000, 0x000000008e700000, 0x000000008e800000|  0%| F|  |TAMS 0x000000008e700000, 0x000000008e700000| Untracked 
| 232|0x000000008e800000, 0x000000008e800000, 0x000000008e900000|  0%| F|  |TAMS 0x000000008e800000, 0x000000008e800000| Untracked 
| 233|0x000000008e900000, 0x000000008e900000, 0x000000008ea00000|  0%| F|  |TAMS 0x000000008e900000, 0x000000008e900000| Untracked 
| 234|0x000000008ea00000, 0x000000008ea00000, 0x000000008eb00000|  0%| F|  |TAMS 0x000000008ea00000, 0x000000008ea00000| Untracked 
| 235|0x000000008eb00000, 0x000000008eb00000, 0x000000008ec00000|  0%| F|  |TAMS 0x000000008eb00000, 0x000000008eb00000| Untracked 
| 236|0x000000008ec00000, 0x000000008ec00000, 0x000000008ed00000|  0%| F|  |TAMS 0x000000008ec00000, 0x000000008ec00000| Untracked 
| 237|0x000000008ed00000, 0x000000008ed00000, 0x000000008ee00000|  0%| F|  |TAMS 0x000000008ed00000, 0x000000008ed00000| Untracked 
| 238|0x000000008ee00000, 0x000000008ee00000, 0x000000008ef00000|  0%| F|  |TAMS 0x000000008ee00000, 0x000000008ee00000| Untracked 
| 239|0x000000008ef00000, 0x000000008ef00000, 0x000000008f000000|  0%| F|  |TAMS 0x000000008ef00000, 0x000000008ef00000| Untracked 
| 240|0x000000008f000000, 0x000000008f000000, 0x000000008f100000|  0%| F|  |TAMS 0x000000008f000000, 0x000000008f000000| Untracked 
| 241|0x000000008f100000, 0x000000008f100000, 0x000000008f200000|  0%| F|  |TAMS 0x000000008f100000, 0x000000008f100000| Untracked 
| 242|0x000000008f200000, 0x000000008f200000, 0x000000008f300000|  0%| F|  |TAMS 0x000000008f200000, 0x000000008f200000| Untracked 
| 243|0x000000008f300000, 0x000000008f300000, 0x000000008f400000|  0%| F|  |TAMS 0x000000008f300000, 0x000000008f300000| Untracked 
| 244|0x000000008f400000, 0x000000008f400000, 0x000000008f500000|  0%| F|  |TAMS 0x000000008f400000, 0x000000008f400000| Untracked 
| 245|0x000000008f500000, 0x000000008f500000, 0x000000008f600000|  0%| F|  |TAMS 0x000000008f500000, 0x000000008f500000| Untracked 
| 246|0x000000008f600000, 0x000000008f600000, 0x000000008f700000|  0%| F|  |TAMS 0x000000008f600000, 0x000000008f600000| Untracked 
| 247|0x000000008f700000, 0x000000008f700000, 0x000000008f800000|  0%| F|  |TAMS 0x000000008f700000, 0x000000008f700000| Untracked 
| 248|0x000000008f800000, 0x000000008f800000, 0x000000008f900000|  0%| F|  |TAMS 0x000000008f800000, 0x000000008f800000| Untracked 
| 249|0x000000008f900000, 0x000000008f900000, 0x000000008fa00000|  0%| F|  |TAMS 0x000000008f900000, 0x000000008f900000| Untracked 
| 250|0x000000008fa00000, 0x000000008fa00000, 0x000000008fb00000|  0%| F|  |TAMS 0x000000008fa00000, 0x000000008fa00000| Untracked 
| 251|0x000000008fb00000, 0x000000008fb00000, 0x000000008fc00000|  0%| F|  |TAMS 0x000000008fb00000, 0x000000008fb00000| Untracked 
| 252|0x000000008fc00000, 0x000000008fc00000, 0x000000008fd00000|  0%| F|  |TAMS 0x000000008fc00000, 0x000000008fc00000| Untracked 
| 253|0x000000008fd00000, 0x000000008fd00000, 0x000000008fe00000|  0%| F|  |TAMS 0x000000008fd00000, 0x000000008fd00000| Untracked 
| 254|0x000000008fe00000, 0x000000008fe00000, 0x000000008ff00000|  0%| F|  |TAMS 0x000000008fe00000, 0x000000008fe00000| Untracked 
| 255|0x000000008ff00000, 0x000000008ff00000, 0x0000000090000000|  0%| F|  |TAMS 0x000000008ff00000, 0x000000008ff00000| Untracked 
| 256|0x0000000090000000, 0x0000000090000000, 0x0000000090100000|  0%| F|  |TAMS 0x0000000090000000, 0x0000000090000000| Untracked 
| 257|0x0000000090100000, 0x0000000090100000, 0x0000000090200000|  0%| F|  |TAMS 0x0000000090100000, 0x0000000090100000| Untracked 
| 258|0x0000000090200000, 0x0000000090200000, 0x0000000090300000|  0%| F|  |TAMS 0x0000000090200000, 0x0000000090200000| Untracked 
| 259|0x0000000090300000, 0x0000000090300000, 0x0000000090400000|  0%| F|  |TAMS 0x0000000090300000, 0x0000000090300000| Untracked 
| 260|0x0000000090400000, 0x0000000090400000, 0x0000000090500000|  0%| F|  |TAMS 0x0000000090400000, 0x0000000090400000| Untracked 
| 261|0x0000000090500000, 0x0000000090500000, 0x0000000090600000|  0%| F|  |TAMS 0x0000000090500000, 0x0000000090500000| Untracked 
| 262|0x0000000090600000, 0x0000000090600000, 0x0000000090700000|  0%| F|  |TAMS 0x0000000090600000, 0x0000000090600000| Untracked 
| 263|0x0000000090700000, 0x0000000090700000, 0x0000000090800000|  0%| F|  |TAMS 0x0000000090700000, 0x0000000090700000| Untracked 
| 264|0x0000000090800000, 0x00000000908b22a8, 0x0000000090900000| 69%| E|  |TAMS 0x0000000090800000, 0x0000000090800000| Complete 
| 265|0x0000000090900000, 0x0000000090a00000, 0x0000000090a00000|100%| E|CS|TAMS 0x0000000090900000, 0x0000000090900000| Complete 
| 266|0x0000000090a00000, 0x0000000090b00000, 0x0000000090b00000|100%| E|CS|TAMS 0x0000000090a00000, 0x0000000090a00000| Complete 

Card table byte_map: [0x0000018778030000,0x0000018778430000] _byte_map_base: 0x0000018777c30000

Marking Bits (Prev, Next): (CMBitMap*) 0x00000187651c92e8, (CMBitMap*) 0x00000187651c9320
 Prev Bits: [0x0000018778830000, 0x000001877a830000)
 Next Bits: [0x000001877a830000, 0x000001877c830000)

Polling page: 0x0000018763100000

Metaspace:

Usage:
  Non-class:     82.76 MB capacity,    81.24 MB ( 98%) used,     1.24 MB (  2%) free+waste,   284.50 KB ( <1%) overhead. 
      Class:     13.17 MB capacity,    12.32 MB ( 94%) used,   745.66 KB (  6%) free+waste,   128.25 KB ( <1%) overhead. 
       Both:     95.93 MB capacity,    93.56 MB ( 98%) used,     1.97 MB (  2%) free+waste,   412.75 KB ( <1%) overhead. 

Virtual space:
  Non-class space:       84.00 MB reserved,      82.95 MB ( 99%) committed 
      Class space:        1.00 GB reserved,      13.25 MB (  1%) committed 
             Both:        1.08 GB reserved,      96.20 MB (  9%) committed 

Chunk freelists:
   Non-Class:  3.00 KB
       Class:  0 bytes
        Both:  3.00 KB

MaxMetaspaceSize: 17179869184.00 GB
CompressedClassSpaceSize: 1.00 GB
Initial GC threshold: 20.80 MB
Current GC threshold: 109.08 MB
CDS: off

CodeHeap 'non-profiled nmethods': size=120064Kb used=6572Kb max_used=6572Kb free=113491Kb
 bounds [0x00000187706f0000, 0x0000018770d60000, 0x0000018777c30000]
CodeHeap 'profiled nmethods': size=120000Kb used=24973Kb max_used=24973Kb free=95026Kb
 bounds [0x00000187691c0000, 0x000001876aa30000, 0x00000187706f0000]
CodeHeap 'non-nmethods': size=5696Kb used=2402Kb max_used=2454Kb free=3293Kb
 bounds [0x0000018768c30000, 0x0000018768ea0000, 0x00000187691c0000]
 total_blobs=12244 nmethods=11325 adapters=831
 compilation: enabled
              stopped_count=0, restarted_count=0
 full_count=0

Compilation events (20 events):
Event: 25.679 Thread 0x000001877f602000 11397       3       com.android.tools.r8.graph.D1$e::<init> (6 bytes)
Event: 25.680 Thread 0x000001877f602000 nmethod 11397 0x000001876aa1fc10 code [0x000001876aa1fde0, 0x000001876aa20058]
Event: 25.680 Thread 0x000001877f602000 11398       3       com.android.tools.r8.graph.D1$e::<init> (10 bytes)
Event: 25.680 Thread 0x000001877f602000 nmethod 11398 0x000001876aa20190 code [0x000001876aa20340, 0x000001876aa20558]
Event: 25.680 Thread 0x000001877f602000 11399       3       com.android.tools.r8.graph.D1$i::<init> (5 bytes)
Event: 25.680 Thread 0x000001877f602000 nmethod 11399 0x000001876aa20690 code [0x000001876aa20840, 0x000001876aa20998]
Event: 25.680 Thread 0x000001877f602000 11400       3       com.android.tools.r8.graph.D1$b::c (13 bytes)
Event: 25.680 Thread 0x000001877f602000 nmethod 11400 0x000001876aa20a90 code [0x000001876aa20c40, 0x000001876aa20d98]
Event: 25.681 Thread 0x000001877f602000 11402       3       com.android.tools.r8.internal.Nk$$Lambda$1198/0x0000000100d1b040::get$Lambda (10 bytes)
Event: 25.681 Thread 0x000001877f602000 nmethod 11402 0x000001876aa20e10 code [0x000001876aa20fe0, 0x000001876aa21298]
Event: 25.681 Thread 0x000001877f602000 11403       3       com.android.tools.r8.graph.T1::<init> (52 bytes)
Event: 25.681 Thread 0x000001877f602000 nmethod 11403 0x000001876aa21390 code [0x000001876aa21580, 0x000001876aa21aa8]
Event: 25.681 Thread 0x000001877f602000 11404       3       com.android.tools.r8.graph.D1::g (4 bytes)
Event: 25.682 Thread 0x000001877f602000 nmethod 11404 0x000001876aa21c90 code [0x000001876aa21e40, 0x000001876aa21f38]
Event: 25.682 Thread 0x000001877f602000 11405       3       com.android.tools.r8.graph.T1::a (70 bytes)
Event: 25.789 Thread 0x000001877f602000 nmethod 11405 0x000001876aa22010 code [0x000001876aa22240, 0x000001876aa228d8]
Event: 25.790 Thread 0x000001877f602000 11410 %     3       com.android.tools.r8.internal.Hj::b @ 5 (36 bytes)
Event: 25.790 Thread 0x000001877f5f8800 nmethod 11366 0x0000018770d54010 code [0x0000018770d54200, 0x0000018770d54c18]
Event: 25.790 Thread 0x000001877f5f8800 11407       4       com.android.tools.r8.internal.wt::hasNext (212 bytes)
Event: 25.790 Thread 0x000001877f602000 nmethod 11410% 0x000001876aa22b90 code [0x000001876aa22d80, 0x000001876aa23258]

GC Heap History (20 events):
Event: 9.760 GC heap before
{Heap before GC invocations=10 (full 0):
 garbage-first heap   total 157696K, used 97392K [0x0000000080000000, 0x0000000100000000)
  region size 1024K, 77 young (78848K), 9 survivors (9216K)
 Metaspace       used 46354K, capacity 47457K, committed 47564K, reserved 1091584K
  class space    used 5971K, capacity 6370K, committed 6400K, reserved 1048576K
}
Event: 9.784 GC heap after
{Heap after GC invocations=11 (full 0):
 garbage-first heap   total 157696K, used 29998K [0x0000000080000000, 0x0000000100000000)
  region size 1024K, 3 young (3072K), 3 survivors (3072K)
 Metaspace       used 46354K, capacity 47457K, committed 47564K, reserved 1091584K
  class space    used 5971K, capacity 6370K, committed 6400K, reserved 1048576K
}
Event: 11.931 GC heap before
{Heap before GC invocations=11 (full 0):
 garbage-first heap   total 157696K, used 114990K [0x0000000080000000, 0x0000000100000000)
  region size 1024K, 83 young (84992K), 3 survivors (3072K)
 Metaspace       used 51460K, capacity 52698K, committed 52940K, reserved 1095680K
  class space    used 6579K, capacity 7080K, committed 7168K, reserved 1048576K
}
Event: 11.952 GC heap after
{Heap after GC invocations=12 (full 0):
 garbage-first heap   total 189440K, used 43008K [0x0000000080000000, 0x0000000100000000)
  region size 1024K, 11 young (11264K), 11 survivors (11264K)
 Metaspace       used 51460K, capacity 52698K, committed 52940K, reserved 1095680K
  class space    used 6579K, capacity 7080K, committed 7168K, reserved 1048576K
}
Event: 13.218 GC heap before
{Heap before GC invocations=12 (full 0):
 garbage-first heap   total 189440K, used 90112K [0x0000000080000000, 0x0000000100000000)
  region size 1024K, 58 young (59392K), 11 survivors (11264K)
 Metaspace       used 58809K, capacity 60205K, committed 60236K, reserved 1101824K
  class space    used 7492K, capacity 8041K, committed 8064K, reserved 1048576K
}
Event: 13.246 GC heap after
{Heap after GC invocations=13 (full 0):
 garbage-first heap   total 189440K, used 45842K [0x0000000080000000, 0x0000000100000000)
  region size 1024K, 3 young (3072K), 3 survivors (3072K)
 Metaspace       used 58809K, capacity 60205K, committed 60236K, reserved 1101824K
  class space    used 7492K, capacity 8041K, committed 8064K, reserved 1048576K
}
Event: 14.773 GC heap before
{Heap before GC invocations=14 (full 0):
 garbage-first heap   total 189440K, used 121618K [0x0000000080000000, 0x0000000100000000)
  region size 1024K, 76 young (77824K), 3 survivors (3072K)
 Metaspace       used 65313K, capacity 66803K, committed 67020K, reserved 1107968K
  class space    used 8335K, capacity 8925K, committed 8960K, reserved 1048576K
}
Event: 14.795 GC heap after
{Heap after GC invocations=15 (full 0):
 garbage-first heap   total 189440K, used 50726K [0x0000000080000000, 0x0000000100000000)
  region size 1024K, 8 young (8192K), 8 survivors (8192K)
 Metaspace       used 65313K, capacity 66803K, committed 67020K, reserved 1107968K
  class space    used 8335K, capacity 8925K, committed 8960K, reserved 1048576K
}
Event: 16.281 GC heap before
{Heap before GC invocations=16 (full 0):
 garbage-first heap   total 189440K, used 126502K [0x0000000080000000, 0x0000000100000000)
  region size 1024K, 82 young (83968K), 8 survivors (8192K)
 Metaspace       used 70844K, capacity 72450K, committed 72524K, reserved 1112064K
  class space    used 9222K, capacity 9818K, committed 9856K, reserved 1048576K
}
Event: 16.302 GC heap after
{Heap after GC invocations=17 (full 0):
 garbage-first heap   total 189440K, used 56085K [0x0000000080000000, 0x0000000100000000)
  region size 1024K, 11 young (11264K), 11 survivors (11264K)
 Metaspace       used 70844K, capacity 72450K, committed 72524K, reserved 1112064K
  class space    used 9222K, capacity 9818K, committed 9856K, reserved 1048576K
}
Event: 18.098 GC heap before
{Heap before GC invocations=17 (full 0):
 garbage-first heap   total 189440K, used 132885K [0x0000000080000000, 0x0000000100000000)
  region size 1024K, 86 young (88064K), 11 survivors (11264K)
 Metaspace       used 78370K, capacity 80167K, committed 80332K, reserved 1118208K
  class space    used 10254K, capacity 10925K, committed 11008K, reserved 1048576K
}
Event: 18.125 GC heap after
{Heap after GC invocations=18 (full 0):
 garbage-first heap   total 227328K, used 61601K [0x0000000080000000, 0x0000000100000000)
  region size 1024K, 11 young (11264K), 11 survivors (11264K)
 Metaspace       used 78370K, capacity 80167K, committed 80332K, reserved 1118208K
  class space    used 10254K, capacity 10925K, committed 11008K, reserved 1048576K
}
Event: 20.643 GC heap before
{Heap before GC invocations=18 (full 0):
 garbage-first heap   total 227328K, used 154785K [0x0000000080000000, 0x0000000100000000)
  region size 1024K, 103 young (105472K), 11 survivors (11264K)
 Metaspace       used 81663K, capacity 83725K, committed 84044K, reserved 1122304K
  class space    used 10728K, capacity 11536K, committed 11648K, reserved 1048576K
}
Event: 20.678 GC heap after
{Heap after GC invocations=19 (full 0):
 garbage-first heap   total 227328K, used 67983K [0x0000000080000000, 0x0000000100000000)
  region size 1024K, 12 young (12288K), 12 survivors (12288K)
 Metaspace       used 81663K, capacity 83725K, committed 84044K, reserved 1122304K
  class space    used 10728K, capacity 11536K, committed 11648K, reserved 1048576K
}
Event: 22.427 GC heap before
{Heap before GC invocations=19 (full 0):
 garbage-first heap   total 227328K, used 165263K [0x0000000080000000, 0x0000000100000000)
  region size 1024K, 108 young (110592K), 12 survivors (12288K)
 Metaspace       used 86560K, capacity 88772K, committed 88908K, reserved 1126400K
  class space    used 11289K, capacity 12100K, committed 12160K, reserved 1048576K
}
Event: 22.458 GC heap after
{Heap after GC invocations=20 (full 0):
 garbage-first heap   total 227328K, used 72415K [0x0000000080000000, 0x0000000100000000)
  region size 1024K, 11 young (11264K), 11 survivors (11264K)
 Metaspace       used 86560K, capacity 88772K, committed 88908K, reserved 1126400K
  class space    used 11289K, capacity 12100K, committed 12160K, reserved 1048576K
}
Event: 24.784 GC heap before
{Heap before GC invocations=20 (full 0):
 garbage-first heap   total 227328K, used 183007K [0x0000000080000000, 0x0000000100000000)
  region size 1024K, 107 young (109568K), 11 survivors (11264K)
 Metaspace       used 93347K, capacity 95697K, committed 95820K, reserved 1132544K
  class space    used 12297K, capacity 13142K, committed 13184K, reserved 1048576K
}
Event: 24.857 GC heap after
{Heap after GC invocations=21 (full 0):
 garbage-first heap   total 227328K, used 108023K [0x0000000080000000, 0x0000000100000000)
  region size 1024K, 14 young (14336K), 14 survivors (14336K)
 Metaspace       used 93347K, capacity 95697K, committed 95820K, reserved 1132544K
  class space    used 12297K, capacity 13142K, committed 13184K, reserved 1048576K
}
Event: 25.682 GC heap before
{Heap before GC invocations=21 (full 0):
 garbage-first heap   total 227328K, used 156151K [0x0000000080000000, 0x0000000100000000)
  region size 1024K, 61 young (62464K), 14 survivors (14336K)
 Metaspace       used 95642K, capacity 98072K, committed 98252K, reserved 1134592K
  class space    used 12595K, capacity 13475K, committed 13568K, reserved 1048576K
}
Event: 25.780 GC heap after
{Heap after GC invocations=22 (full 0):
 garbage-first heap   total 273408K, used 125952K [0x0000000080000000, 0x0000000100000000)
  region size 1024K, 8 young (8192K), 8 survivors (8192K)
 Metaspace       used 95642K, capacity 98072K, committed 98252K, reserved 1134592K
  class space    used 12595K, capacity 13475K, committed 13568K, reserved 1048576K
}

Deoptimization events (20 events):
Event: 25.661 Thread 0x0000018700d1c000 Uncommon trap: trap_request=0xffffffde fr.pc=0x0000018770d46e80 relative=0x0000000000000060
Event: 25.661 Thread 0x0000018700d1c000 Uncommon trap: reason=class_check action=maybe_recompile pc=0x0000018770d46e80 method=com.android.tools.r8.internal.NJ.test(Ljava/lang/Object;)Z @ 2 c2
Event: 25.661 Thread 0x0000018700d1c000 DEOPT PACKING pc=0x0000018770d46e80 sp=0x0000006c985fd970
Event: 25.661 Thread 0x0000018700d1c000 DEOPT UNPACKING pc=0x0000018768c7a1af sp=0x0000006c985fd908 mode 2
Event: 25.661 Thread 0x0000018700d1c000 Uncommon trap: trap_request=0xffffffde fr.pc=0x0000018770d46e80 relative=0x0000000000000060
Event: 25.661 Thread 0x0000018700d1c000 Uncommon trap: reason=class_check action=maybe_recompile pc=0x0000018770d46e80 method=com.android.tools.r8.internal.NJ.test(Ljava/lang/Object;)Z @ 2 c2
Event: 25.661 Thread 0x0000018700d1c000 DEOPT PACKING pc=0x0000018770d46e80 sp=0x0000006c985fd970
Event: 25.661 Thread 0x0000018700d1c000 DEOPT UNPACKING pc=0x0000018768c7a1af sp=0x0000006c985fd908 mode 2
Event: 25.661 Thread 0x0000018700d1c000 Uncommon trap: trap_request=0xffffffde fr.pc=0x0000018770d46e80 relative=0x0000000000000060
Event: 25.661 Thread 0x0000018700d1c000 Uncommon trap: reason=class_check action=maybe_recompile pc=0x0000018770d46e80 method=com.android.tools.r8.internal.NJ.test(Ljava/lang/Object;)Z @ 2 c2
Event: 25.661 Thread 0x0000018700d1c000 DEOPT PACKING pc=0x0000018770d46e80 sp=0x0000006c985fd970
Event: 25.661 Thread 0x0000018700d1c000 DEOPT UNPACKING pc=0x0000018768c7a1af sp=0x0000006c985fd908 mode 2
Event: 25.664 Thread 0x0000018704bc2000 Uncommon trap: trap_request=0xffffff4d fr.pc=0x0000018770d4a388 relative=0x0000000000000c68
Event: 25.664 Thread 0x0000018704bc2000 Uncommon trap: reason=unstable_if action=reinterpret pc=0x0000018770d4a388 method=com.android.tools.r8.internal.wt.hasNext()Z @ 56 c2
Event: 25.664 Thread 0x0000018704bc2000 DEOPT PACKING pc=0x0000018770d4a388 sp=0x0000006c98bfe870
Event: 25.664 Thread 0x0000018704bc2000 DEOPT UNPACKING pc=0x0000018768c7a1af sp=0x0000006c98bfe848 mode 2
Event: 25.664 Thread 0x0000018704bc3800 Uncommon trap: trap_request=0xffffff4d fr.pc=0x0000018770d4a388 relative=0x0000000000000c68
Event: 25.664 Thread 0x0000018704bc3800 Uncommon trap: reason=unstable_if action=reinterpret pc=0x0000018770d4a388 method=com.android.tools.r8.internal.wt.hasNext()Z @ 56 c2
Event: 25.664 Thread 0x0000018704bc3800 DEOPT PACKING pc=0x0000018770d4a388 sp=0x0000006c98dfeb50
Event: 25.664 Thread 0x0000018704bc3800 DEOPT UNPACKING pc=0x0000018768c7a1af sp=0x0000006c98dfeb28 mode 2

Classes redefined (0 events):
No events

Internal exceptions (20 events):
Event: 20.949 Thread 0x000001870110e800 Exception <a 'java/lang/NoSuchMethodError'{0x000000008d18fa38}: <clinit>> (0x000000008d18fa38) thrown at [./src/hotspot/share/prims/jni.cpp, line 1365]
Event: 20.951 Thread 0x000001870110e800 Exception <a 'java/lang/NoSuchMethodError'{0x000000008d1a8bf0}: <clinit>> (0x000000008d1a8bf0) thrown at [./src/hotspot/share/prims/jni.cpp, line 1365]
Event: 21.554 Thread 0x0000018700d1e800 Exception <a 'java/lang/NoSuchMethodError'{0x000000008b9f99b8}: 'int java.lang.invoke.DirectMethodHandle$Holder.invokeSpecial(java.lang.Object, java.lang.Object, java.lang.Object, java.lang.Object, java.lang.Object)'> (0x000000008b9f99b8) thrown at [./src/hotspot/share/interpreter/linkResolver.cpp, line 773]
Event: 22.013 Thread 0x0000018700d1e800 Exception <a 'java/lang/NoSuchMethodError'{0x000000008964a658}: 'java.lang.Object java.lang.invoke.DirectMethodHandle$Holder.newInvokeSpecial(java.lang.Object, java.lang.Object, java.lang.Object, java.lang.Object)'> (0x000000008964a658) thrown at [./src/hotspot/share/interpreter/linkResolver.cpp, line 773]
Event: 23.175 Thread 0x0000018700d1c000 Exception <a 'sun/nio/fs/WindowsException'{0x000000008c2ea498}> (0x000000008c2ea498) thrown at [./src/hotspot/share/prims/jni.cpp, line 615]
Event: 23.347 Thread 0x0000018700d1b800 Exception <a 'java/lang/NoSuchMethodError'{0x000000008c3b22b8}: 'void java.lang.invoke.DirectMethodHandle$Holder.invokeStatic(java.lang.Object, long)'> (0x000000008c3b22b8) thrown at [./src/hotspot/share/interpreter/linkResolver.cpp, line 773]
Event: 23.348 Thread 0x0000018700d1b800 Exception <a 'java/lang/NoSuchMethodError'{0x000000008c3b74d0}: 'java.lang.Object java.lang.invoke.DirectMethodHandle$Holder.invokeStatic(java.lang.Object, long)'> (0x000000008c3b74d0) thrown at [./src/hotspot/share/interpreter/linkResolver.cpp, line 773]
Event: 23.350 Thread 0x0000018700d1b800 Exception <a 'java/lang/NoSuchMethodError'{0x000000008c3c5838}: 'java.lang.Object java.lang.invoke.DirectMethodHandle$Holder.invokeStaticInit(java.lang.Object, java.lang.Object, long, java.lang.Object)'> (0x000000008c3c5838) thrown at [./src/hotspot/share/interpreter/linkResolver.cpp, line 773]
Event: 23.351 Thread 0x0000018700d1b800 Exception <a 'java/lang/NoSuchMethodError'{0x000000008c3cb9d0}: 'java.lang.Object java.lang.invoke.DirectMethodHandle$Holder.invokeStatic(java.lang.Object, java.lang.Object, long)'> (0x000000008c3cb9d0) thrown at [./src/hotspot/share/interpreter/linkResolver.cpp, line 773]
Event: 23.352 Thread 0x0000018700d1b800 Exception <a 'java/lang/NoSuchMethodError'{0x000000008c3d1f48}: 'java.lang.Object java.lang.invoke.Invokers$Holder.linkToTargetMethod(java.lang.Object, long, java.lang.Object)'> (0x000000008c3d1f48) thrown at [./src/hotspot/share/interpreter/linkResolver.cpp, line 773]
Event: 23.672 Thread 0x0000018700d1c000 Exception <a 'java/lang/NoSuchMethodError'{0x000000008b77a0a8}: 'java.lang.Object java.lang.invoke.DirectMethodHandle$Holder.invokeStaticInit(java.lang.Object, java.lang.Object, java.lang.Object, java.lang.Object, java.lang.Object, java.lang.Object, java.lang.Object, java.lang.Object, java.lang.Object, java.lang.Object, java.lang.Object, java.lang.Object, java.lang.Object, java.lang.Object, java.lang.Object, java.lang.Object, java.lang.Object, java.lang.Object, int, java.lang.Object, java.lang.Object)'> (0
Event: 23.846 Thread 0x0000018700d1b800 Exception <a 'java/lang/NoSuchMethodError'{0x000000008abd9400}: 'int java.lang.invoke.DirectMethodHandle$Holder.invokeSpecialIFC(java.lang.Object, java.lang.Object, java.lang.Object)'> (0x000000008abd9400) thrown at [./src/hotspot/share/interpreter/linkResolver.cpp, line 773]
Event: 24.147 Thread 0x0000018704bc3800 Exception <a 'java/lang/IncompatibleClassChangeError'{0x0000000089442648}: Found class java.lang.Object, but interface was expected> (0x0000000089442648) thrown at [./src/hotspot/share/interpreter/linkResolver.cpp, line 839]
Event: 24.186 Thread 0x0000018704bc2000 Exception <a 'java/lang/NoSuchMethodError'{0x00000000893aac88}: 'java.lang.Object java.lang.invoke.DirectMethodHandle$Holder.newInvokeSpecial(java.lang.Object, int)'> (0x00000000893aac88) thrown at [./src/hotspot/share/interpreter/linkResolver.cpp, line 773]
Event: 24.302 Thread 0x0000018704bc2000 Exception <a 'java/lang/IncompatibleClassChangeError'{0x00000000893d2eb8}: Found class java.lang.Object, but interface was expected> (0x00000000893d2eb8) thrown at [./src/hotspot/share/interpreter/linkResolver.cpp, line 839]
Event: 24.302 Thread 0x0000018704bc3800 Exception <a 'java/lang/IncompatibleClassChangeError'{0x000000008921d310}: Found class java.lang.Object, but interface was expected> (0x000000008921d310) thrown at [./src/hotspot/share/interpreter/linkResolver.cpp, line 839]
Event: 24.304 Thread 0x0000018704bc2000 Exception <a 'java/lang/IncompatibleClassChangeError'{0x00000000890fa080}: Found class java.lang.Object, but interface was expected> (0x00000000890fa080) thrown at [./src/hotspot/share/interpreter/linkResolver.cpp, line 839]
Event: 25.237 Thread 0x0000018700d1c000 Exception <a 'java/lang/IncompatibleClassChangeError'{0x000000008be04900}: Found class java.lang.Object, but interface was expected> (0x000000008be04900) thrown at [./src/hotspot/share/interpreter/linkResolver.cpp, line 839]
Event: 25.664 Thread 0x0000018704bc2000 Implicit null exception at 0x0000018770d49f10 to 0x0000018770d4a372
Event: 25.664 Thread 0x0000018704bc3800 Implicit null exception at 0x0000018770d49f10 to 0x0000018770d4a372

Events (20 events):
Event: 25.663 loading class com/android/tools/r8/graph/o0
Event: 25.663 loading class com/android/tools/r8/graph/o0 done
Event: 25.663 loading class com/android/tools/r8/graph/T1
Event: 25.663 loading class com/android/tools/r8/graph/T1 done
Event: 25.664 loading class com/android/tools/r8/graph/T1
Event: 25.664 loading class com/android/tools/r8/graph/T1 done
Event: 25.664 loading class com/android/tools/r8/graph/T1
Event: 25.664 loading class com/android/tools/r8/graph/T1 done
Event: 25.664 loading class com/android/tools/r8/graph/T1
Event: 25.664 loading class com/android/tools/r8/graph/T1 done
Event: 25.664 loading class com/android/tools/r8/graph/q0
Event: 25.664 loading class com/android/tools/r8/graph/q0 done
Event: 25.664 loading class com/android/tools/r8/graph/T1
Event: 25.664 loading class com/android/tools/r8/graph/T1 done
Event: 25.664 loading class com/android/tools/r8/graph/T1
Event: 25.664 loading class com/android/tools/r8/graph/T1 done
Event: 25.664 loading class com/android/tools/r8/graph/T1
Event: 25.664 loading class com/android/tools/r8/graph/T1 done
Event: 25.682 Executing VM operation: G1CollectForAllocation
Event: 25.780 Executing VM operation: G1CollectForAllocation done


Dynamic libraries:
0x00007ff6a8d50000 - 0x00007ff6a8d5a000 	C:\Program Files\Android\Android Studio\jre\bin\java.exe
0x00007ff9ee010000 - 0x00007ff9ee207000 	C:\Windows\SYSTEM32\ntdll.dll
0x00007ff9ec6b0000 - 0x00007ff9ec76d000 	C:\Windows\System32\KERNEL32.DLL
0x00007ff9ebda0000 - 0x00007ff9ec06d000 	C:\Windows\System32\KERNELBASE.dll
0x00007ff9ebc00000 - 0x00007ff9ebd00000 	C:\Windows\System32\ucrtbase.dll
0x00007ff9d8f10000 - 0x00007ff9d8f27000 	C:\Program Files\Android\Android Studio\jre\bin\VCRUNTIME140.dll
0x00007ff9d44b0000 - 0x00007ff9d44c9000 	C:\Program Files\Android\Android Studio\jre\bin\jli.dll
0x00007ff9dd420000 - 0x00007ff9dd6ba000 	C:\Windows\WinSxS\amd64_microsoft.windows.common-controls_6595b64144ccf1df_6.0.19041.1110_none_60b5254171f9507e\COMCTL32.dll
0x00007ff9ed4e0000 - 0x00007ff9ed680000 	C:\Windows\System32\USER32.dll
0x00007ff9ec610000 - 0x00007ff9ec6ae000 	C:\Windows\System32\msvcrt.dll
0x00007ff9ebbd0000 - 0x00007ff9ebbf2000 	C:\Windows\System32\win32u.dll
0x00007ff9ed130000 - 0x00007ff9ed15a000 	C:\Windows\System32\GDI32.dll
0x00007ff9eb730000 - 0x00007ff9eb83b000 	C:\Windows\System32\gdi32full.dll
0x00007ff9eb980000 - 0x00007ff9eba1d000 	C:\Windows\System32\msvcp_win.dll
0x00007ff9ec880000 - 0x00007ff9ec8b0000 	C:\Windows\System32\IMM32.DLL
0x00007ff9eae40000 - 0x00007ff9eae76000 	C:\Windows\system32\DriverStore\FileRepository\nvam.inf_amd64_1aae4f19e68d0780\nvinitx.dll
0x00007ff9ede30000 - 0x00007ff9edede000 	C:\Windows\System32\ADVAPI32.dll
0x00007ff9ecd20000 - 0x00007ff9ecdbc000 	C:\Windows\System32\sechost.dll
0x00007ff9eada0000 - 0x00007ff9eadaa000 	C:\Windows\SYSTEM32\VERSION.dll
0x00007ff9ec350000 - 0x00007ff9ec475000 	C:\Windows\System32\RPCRT4.dll
0x00007ff9ed6e0000 - 0x00007ff9ede24000 	C:\Windows\System32\Shell32.dll
0x00007ff9e97e0000 - 0x00007ff9e9f74000 	C:\Windows\SYSTEM32\windows.storage.dll
0x00007ff9ecdd0000 - 0x00007ff9ed124000 	C:\Windows\System32\combase.dll
0x00007ff9eb190000 - 0x00007ff9eb1bc000 	C:\Windows\SYSTEM32\Wldp.dll
0x00007ff9ec770000 - 0x00007ff9ec81d000 	C:\Windows\System32\SHCORE.dll
0x00007ff9ed160000 - 0x00007ff9ed1b5000 	C:\Windows\System32\shlwapi.dll
0x000000006d870000 - 0x000000006d876000 	C:\Program Files\NVIDIA Corporation\CoProcManager\_etoured.dll
0x00007ff9d9570000 - 0x00007ff9d95b3000 	C:\Program Files\NVIDIA Corporation\CoProcManager\nvd3d9wrapx.dll
0x00007ff9ec8b0000 - 0x00007ff9ecd1f000 	C:\Windows\System32\SETUPAPI.dll
0x00007ff9eba20000 - 0x00007ff9eba6e000 	C:\Windows\System32\cfgmgr32.dll
0x00007ff9ebd00000 - 0x00007ff9ebd27000 	C:\Windows\System32\bcrypt.dll
0x00007ff9e0480000 - 0x00007ff9e04ad000 	C:\Program Files\NVIDIA Corporation\CoProcManager\nvdxgiwrapx.dll
0x00007ff9d1330000 - 0x00007ff9d13cd000 	C:\Program Files\Android\Android Studio\jre\bin\msvcp140.dll
0x00007ff9b1d10000 - 0x00007ff9b27f5000 	C:\Program Files\Android\Android Studio\jre\bin\server\jvm.dll
0x00007ff9edf60000 - 0x00007ff9edf68000 	C:\Windows\System32\PSAPI.DLL
0x00007ff9e6c70000 - 0x00007ff9e6c79000 	C:\Windows\SYSTEM32\WSOCK32.dll
0x00007ff9db3a0000 - 0x00007ff9db3c7000 	C:\Windows\SYSTEM32\WINMM.dll
0x00007ff9edef0000 - 0x00007ff9edf5b000 	C:\Windows\System32\WS2_32.dll
0x00007ff9e95e0000 - 0x00007ff9e95f2000 	C:\Windows\SYSTEM32\kernel.appcore.dll
0x00007ff9e6860000 - 0x00007ff9e6871000 	C:\Program Files\Android\Android Studio\jre\bin\verify.dll
0x00007ff9e47b0000 - 0x00007ff9e4994000 	C:\Windows\SYSTEM32\DBGHELP.DLL
0x00007ff9e4ce0000 - 0x00007ff9e4d0c000 	C:\Windows\SYSTEM32\dbgcore.DLL
0x00007ff9eb8f0000 - 0x00007ff9eb972000 	C:\Windows\System32\bcryptPrimitives.dll
0x00007ff9e5470000 - 0x00007ff9e5499000 	C:\Program Files\Android\Android Studio\jre\bin\java.dll
0x00007ff9e6a40000 - 0x00007ff9e6a4b000 	C:\Program Files\Android\Android Studio\jre\bin\jimage.dll
0x00007ff9e6840000 - 0x00007ff9e6858000 	C:\Program Files\Android\Android Studio\jre\bin\zip.dll
0x00007ff9eb670000 - 0x00007ff9eb68f000 	C:\Windows\SYSTEM32\profapi.dll
0x00007ff9e5450000 - 0x00007ff9e546a000 	C:\Program Files\Android\Android Studio\jre\bin\net.dll
0x00007ff9e2160000 - 0x00007ff9e226a000 	C:\Windows\SYSTEM32\WINHTTP.dll
0x00007ff9eae80000 - 0x00007ff9eaeea000 	C:\Windows\system32\mswsock.dll
0x00007ff9e5430000 - 0x00007ff9e5444000 	C:\Program Files\Android\Android Studio\jre\bin\nio.dll
0x00007ff9d4600000 - 0x00007ff9d4627000 	C:\Users\Amir\.gradle\native\e1d6ef7f7dcc3fd88c89a11ec53ec762bb8ba0a96d01ffa2cd45eb1d1d8dd5c5\windows-amd64\native-platform.dll
0x00007ff9cf830000 - 0x00007ff9cf974000 	C:\Users\Amir\.gradle\native\5664cfc778a61ccfe75a443a1ab52a65af34e5dc3c78e0209fed803814484fcb\windows-amd64\native-platform-file-events.dll
0x00007ff9e6930000 - 0x00007ff9e693a000 	C:\Program Files\Android\Android Studio\jre\bin\management.dll
0x00007ff9e5420000 - 0x00007ff9e542d000 	C:\Program Files\Android\Android Studio\jre\bin\management_ext.dll
0x00007ff9eb0e0000 - 0x00007ff9eb0f8000 	C:\Windows\SYSTEM32\CRYPTSP.dll
0x00007ff9ea750000 - 0x00007ff9ea784000 	C:\Windows\system32\rsaenh.dll
0x00007ff9eb630000 - 0x00007ff9eb65e000 	C:\Windows\SYSTEM32\USERENV.dll
0x00007ff9eb100000 - 0x00007ff9eb10c000 	C:\Windows\SYSTEM32\CRYPTBASE.dll
0x00007ff9eab20000 - 0x00007ff9eab5b000 	C:\Windows\SYSTEM32\IPHLPAPI.DLL
0x00007ff9ecdc0000 - 0x00007ff9ecdc8000 	C:\Windows\System32\NSI.dll
0x00007ff9e6290000 - 0x00007ff9e62a7000 	C:\Windows\SYSTEM32\dhcpcsvc6.DLL
0x00007ff9e6270000 - 0x00007ff9e628d000 	C:\Windows\SYSTEM32\dhcpcsvc.DLL
0x00007ff9eab60000 - 0x00007ff9eac2b000 	C:\Windows\SYSTEM32\DNSAPI.dll

dbghelp: loaded successfully - version: 4.0.5 - missing functions: none
symbol engine: initialized successfully - sym options: 0x614 - pdb path: .;C:\Program Files\Android\Android Studio\jre\bin;C:\Windows\SYSTEM32;C:\Windows\WinSxS\amd64_microsoft.windows.common-controls_6595b64144ccf1df_6.0.19041.1110_none_60b5254171f9507e;C:\Windows\system32\DriverStore\FileRepository\nvam.inf_amd64_1aae4f19e68d0780;C:\Program Files\NVIDIA Corporation\CoProcManager;C:\Program Files\Android\Android Studio\jre\bin\server;C:\Users\Amir\.gradle\native\e1d6ef7f7dcc3fd88c89a11ec53ec762bb8ba0a96d01ffa2cd45eb1d1d8dd5c5\windows-amd64;C:\Users\Amir\.gradle\native\5664cfc778a61ccfe75a443a1ab52a65af34e5dc3c78e0209fed803814484fcb\windows-amd64

VM Arguments:
jvm_args: --add-opens=java.base/java.util=ALL-UNNAMED --add-opens=java.base/java.lang=ALL-UNNAMED --add-opens=java.base/java.lang.invoke=ALL-UNNAMED --add-opens=java.base/java.util=ALL-UNNAMED --add-opens=java.prefs/java.util.prefs=ALL-UNNAMED --add-opens=java.prefs/java.util.prefs=ALL-UNNAMED --add-opens=java.base/java.nio.charset=ALL-UNNAMED --add-opens=java.base/java.net=ALL-UNNAMED --add-opens=java.base/java.util.concurrent.atomic=ALL-UNNAMED -Xmx2048m -Dfile.encoding=UTF-8 -Duser.country=US -Duser.language=en -Duser.variant 
java_command: org.gradle.launcher.daemon.bootstrap.GradleDaemon 7.3.3
java_class_path (initial): C:\Users\Amir\.gradle\wrapper\dists\gradle-7.3.3-bin\6a41zxkdtcxs8rphpq6y0069z\gradle-7.3.3\lib\gradle-launcher-7.3.3.jar
Launcher Type: SUN_STANDARD

[Global flags]
     intx CICompilerCount                          = 3                                         {product} {ergonomic}
     uint ConcGCThreads                            = 1                                         {product} {ergonomic}
     uint G1ConcRefinementThreads                  = 4                                         {product} {ergonomic}
   size_t G1HeapRegionSize                         = 1048576                                   {product} {ergonomic}
    uintx GCDrainStackTargetSize                   = 64                                        {product} {ergonomic}
   size_t InitialHeapSize                          = 134217728                                 {product} {ergonomic}
   size_t MarkStackSize                            = 4194304                                   {product} {ergonomic}
   size_t MaxHeapSize                              = 2147483648                                {product} {command line}
   size_t MaxNewSize                               = 1287651328                                {product} {ergonomic}
   size_t MinHeapDeltaBytes                        = 1048576                                   {product} {ergonomic}
    uintx NonNMethodCodeHeapSize                   = 5830732                                {pd product} {ergonomic}
    uintx NonProfiledCodeHeapSize                  = 122913754                              {pd product} {ergonomic}
    uintx ProfiledCodeHeapSize                     = 122913754                              {pd product} {ergonomic}
    uintx ReservedCodeCacheSize                    = 251658240                              {pd product} {ergonomic}
     bool SegmentedCodeCache                       = true                                      {product} {ergonomic}
     bool UseCompressedClassPointers               = true                                 {lp64_product} {ergonomic}
     bool UseCompressedOops                        = true                                 {lp64_product} {ergonomic}
     bool UseG1GC                                  = true                                      {product} {ergonomic}
     bool UseLargePagesIndividualAllocation        = false                                  {pd product} {ergonomic}

Logging:
Log output configuration:
 #0: stdout all=warning uptime,level,tags
 #1: stderr all=off uptime,level,tags

Environment Variables:
JAVA_HOME=C:\dev\jdk-16.0.2
PATH=C:\Windows\system32;C:\Windows;C:\Windows\System32\Wbem;C:\Windows\System32\WindowsPowerShell\v1.0\;C:\Windows\System32\OpenSSH\;C:\Users\Amir\AppData\Local\Microsoft\WindowsApps;
USERNAME=Amir
OS=Windows_NT
PROCESSOR_IDENTIFIER=Intel64 Family 6 Model 42 Stepping 7, GenuineIntel



---------------  S Y S T E M  ---------------

OS: Windows 10 , 64 bit Build 19041 (10.0.19041.1741)
OS uptime: 2 days 0:35 hours

CPU:total 4 (initial active 4) (2 cores per cpu, 2 threads per core) family 6 model 42 stepping 7 microcode 0x2f, cmov, cx8, fxsr, mmx, sse, sse2, sse3, ssse3, sse4.1, sse4.2, popcnt, avx, aes, clmul, ht, tsc, tscinvbit

Memory: 4k page, system-wide physical 8102M (2902M free)
TotalPageFile size 9382M (AvailPageFile size 3632M)
current process WorkingSet (physical memory assigned to process): 483M, peak: 501M
current process commit charge ("private bytes"): 557M, peak: 557M

vm_info: OpenJDK 64-Bit Server VM (11.0.12+7-b1504.28-7817840) for windows-amd64 JRE (11.0.12+7-b1504.28-7817840), built on Oct 13 2021 22:12:33 by "builder" with MS VC++ 14.0 (VS2015)

END.
